
====================
2021-06-17 08:53:23
【单选题】
【题干】
<div>党纪处分决定作出后，应当在（）内向受处分党员所在党的基层组织中的全体党员及其本人宣布，是领导班子成员的还应当向所在党组织领导班子宣布，并按照干部管理权限和组织关系将处分决定材料归入受处分者档案。</div>
【提示信息】
['一个月']
《中国共产党纪律处分条例》第四十一条规定，党纪处分决定作出后，应当在<font color="red">一个月</font>内向受处分党员所在党的基层组织中的全体党员及其本人宣布，是领导班子成员的还应当向所在党组织领导班子宣布，并按照干部管理权限和组织关系将处分决定材料归入受处分者档案；对于受到撤销党内职务以上（含撤销党内职务）处分的，还应当在一个月内办理职务、工资、工作及其他有关待遇等相应变更手续；涉及撤销或者调整其党外职务的，应当建议党外组织及时撤销或者调整其党外职务。特殊情况下，经作出或者批准作出处分决定的组织批准，可以适当延长办理期限。办理期限最长不得超过六个月。
【单选题选项】
['A. 一周', 'B. 十个工作日', 'C. 一个月', 'D. 两个月']
包含提示的选项 C，不包含提示的选项 ABD

====================
2021-06-17 08:53:32
【单选题】
【题干】
<div>在抗日游击战争中，山东胶东抗日根据地军民广泛开展了地方性、群众性的人民游击战。其中，起源于平度县、大显神威于海阳县的（），威震敌胆。</div>
【提示信息】
['地雷战']
在抗日游击战争中，山东胶东抗日根据地军民广泛开展了地方性、群众性的人民游击战。其中，起源于平度县、大显神威于海阳县的<font color="red">地雷战</font>，威震敌胆。
【单选题选项】
['A. 地道战', 'B. 地雷战']
包含提示的选项 B，不包含提示的选项 A

====================
2021-06-17 08:53:43
【填空题】
【题干】
<div><span>周恩来来到表舅龚荫荪的学堂求学，在这里他听到很多从前从未听说过的人和事：康有为、梁启超、鉴湖女侠秋瑾、我自横刀向天笑的</span><input class="blank" type="text" maxlength="51" value=""><span>，还有戊戌变法，一个新的世界在年幼的周恩来面前展开。</span></div>
【提示信息】
[]
请观看视频
！！！！！本题没有找到提示，暂时略过！！！！！

====================
2021-06-17 09:05:44
【填空题】
【题干】
<div><span>1927年8月1日，在以周恩来为首的前委领导下，贺龙、叶挺、朱德、刘伯承等率领在党直接掌握和影响下的军队2万余人，举行</span><input class="blank" type="text" maxlength="51" value=""><span>。</span></div>
【提示信息】
['南昌起义']
1927年8月1日凌晨，在以周恩来为首的前委领导下，贺龙、叶挺、朱德、刘伯承等率领在党直接掌握和影响下的军队2万余人，举行<font color="red">南昌起义</font>。经过四个多小时的激烈战斗，起义军全歼守敌3000余人，占领南昌城。

====================
2021-06-17 09:05:54
【填空题】
【题干】
<div><span>电影《周恩来回延安》中，周总理看到毛泽东在1949年10月复电中对延安的期许——迅速恢复战争的创伤，发展经济建设和文化建设，不禁感慨道：“我们现在的工作做的还很不够，我们还是要自力更生，</span><input class="blank" type="text" maxlength="51" value=""><span>，一定要把延安建设好。”</span></div>
【提示信息】
[]
请观看视频
！！！！！本题没有找到提示，暂时略过！！！！！

====================
2021-06-17 09:07:59
【单选题】
【题干】
<div>长征途中，中央红军翻越的第一座大雪山是位于四川省雅安市宝兴县的（）。</div>
【提示信息】
['夹金山']
长征途中，中央红军翻越的第一座大雪山是位于四川省雅安市宝兴县的<font color="red">夹金山</font>。
【单选题选项】
['A. 梦笔山', 'B. 夹金山', 'C. 虹桥山']
包含提示的选项 B，不包含提示的选项 AC

====================
2021-06-17 09:08:07
【单选题】
【题干】
<div>在党的历史上第一个明确提出“毛泽东思想”这一概念的是（）。</div>
【提示信息】
['王稼祥']
1943年7月5日，<font color="red">王稼祥</font>在《中国共产党与中国革命解放的道路》一文中指出，中国民族解放整个过程中——过去现在与未来——的正确道路就是毛泽东同志的思想，就是毛泽东同志在其著作中与实践中所指出的道路。毛泽东思想就是中国的马克思列宁主义，中国的布尔什维主义，中国的共产主义。第一次明确提出了“毛泽东思想”的概念。
【单选题选项】
['A. 王稼祥', 'B. 朱德', 'C. 陈云']
包含提示的选项 A，不包含提示的选项 BC

====================
2021-06-17 09:08:16
【填空题】
【题干】
<div><span>抗战期间，八路军鲁南军区爆破英雄</span><input class="blank" type="text" maxlength="51" value=""><span>多次率领爆破组炸毁日伪军据点，被称为“爆破大王”。</span></div>
【提示信息】
['马立训']
抗战期间，八路军鲁南军区爆破英雄<font color="red">马立训</font>多次率领爆破组炸毁日伪军据点，被称为“爆破大王”。

====================
2021-06-17 09:08:25
【填空题】
【题干】
<div><span>上甘岭战役打出了“</span><input class="blank" type="text" maxlength="51" value=""><span>精神”，这就是：为了祖国，为了人民，为了胜利的奉献精神；不屈不挠，团结战斗，战胜困难的拼搏精神；英勇顽强，坚决战斗，血战到底的胜利精神。这种精神在国内广为传扬，在20世纪50年代，是中国人民战胜困难，取得胜利的同义语。</span></div>
【提示信息】
['上甘岭']
上甘岭战役打出了“<font color="red">上甘岭</font>精神”，这就是：为了祖国，为了人民，为了胜利的奉献精神；不屈不挠，团结战斗，战胜困难的拼搏精神；英勇顽强，坚决战斗，血战到底的胜利精神。“上甘岭精神”在国内广为传扬，在20世纪50年代，是中国人民战胜困难，取得胜利的同义语。

====================
2021-06-17 09:08:33
【多选题】
【题干】
<div>1945年4月至6月，党的七大在延安杨家岭中央大礼堂隆重举行。（）向大会提交《论联合政府》政治报告并作口头报告，（）作《论解放区战场》军事报告，（）作《关于修改党章的报告》，（）作《论统一战线》发言。<div style="padding-top: 14px;"><span style="color: rgb(255, 125, 0);"> 来源：《中国共产党简史》 </span><span style="color: rgb(49, 62, 195);">（人民出版社、中共党史出版社2021年版）</span></div></div>

====================
2021-06-17 09:08:56
【填空题】
【题干】
<div><span>在电影《烈火中永生》中，许云峰、江姐挥手告别战友、英勇就义时响起的音乐是《</span><input class="blank" type="text" maxlength="51" value=""><span>》。</span></div>
【提示信息】
[]
请观看视频
！！！！！本题没有找到提示，暂时略过！！！！！

====================
2021-06-17 09:09:02
【填空题】
【题干】
<div><span>在电影《烈火中永生》中，许云峰、江姐挥手告别战友、英勇就义时响起的音乐是《</span><input class="blank" type="text" maxlength="51" value=""><span>》。</span></div>
【提示信息】
[]
请观看视频
！！！！！本题没有找到提示，暂时略过！！！！！

====================
2021-06-17 09:09:08
【填空题】
【题干】
<div><span>在电影《烈火中永生》中，许云峰、江姐挥手告别战友、英勇就义时响起的音乐是《</span><input class="blank" type="text" maxlength="51" value=""><span>》。</span></div>
【提示信息】
[]
请观看视频
！！！！！本题没有找到提示，暂时略过！！！！！

====================
2021-06-17 09:09:15
【填空题】
【题干】
<div><span>在电影《烈火中永生》中，许云峰、江姐挥手告别战友、英勇就义时响起的音乐是《</span><input class="blank" type="text" maxlength="51" value=""><span>》。</span></div>
【提示信息】
[]
请观看视频
！！！！！本题没有找到提示，暂时略过！！！！！

====================
2021-06-17 09:09:21
【填空题】
【题干】
<div><span>在电影《烈火中永生》中，许云峰、江姐挥手告别战友、英勇就义时响起的音乐是《</span><input class="blank" type="text" maxlength="51" value=""><span>》。</span></div>
【提示信息】
[]
请观看视频
！！！！！本题没有找到提示，暂时略过！！！！！

====================
2021-06-17 09:09:27
【填空题】
【题干】
<div><span>在电影《烈火中永生》中，许云峰、江姐挥手告别战友、英勇就义时响起的音乐是《</span><input class="blank" type="text" maxlength="51" value=""><span>》。</span></div>
【提示信息】
[]
请观看视频
！！！！！本题没有找到提示，暂时略过！！！！！

====================
2021-06-17 09:09:33
【填空题】
【题干】
<div><span>在电影《烈火中永生》中，许云峰、江姐挥手告别战友、英勇就义时响起的音乐是《</span><input class="blank" type="text" maxlength="51" value=""><span>》。</span></div>
【提示信息】
[]
请观看视频
！！！！！本题没有找到提示，暂时略过！！！！！

====================
2021-06-17 09:09:39
【填空题】
【题干】
<div><span>在电影《烈火中永生》中，许云峰、江姐挥手告别战友、英勇就义时响起的音乐是《</span><input class="blank" type="text" maxlength="51" value=""><span>》。</span></div>
【提示信息】
[]
请观看视频
！！！！！本题没有找到提示，暂时略过！！！！！

====================
2021-06-17 09:09:45
【填空题】
【题干】
<div><span>在电影《烈火中永生》中，许云峰、江姐挥手告别战友、英勇就义时响起的音乐是《</span><input class="blank" type="text" maxlength="51" value=""><span>》。</span></div>
【提示信息】
[]
请观看视频
！！！！！本题没有找到提示，暂时略过！！！！！

====================
2021-06-17 09:09:51
【填空题】
【题干】
<div><span>在电影《烈火中永生》中，许云峰、江姐挥手告别战友、英勇就义时响起的音乐是《</span><input class="blank" type="text" maxlength="51" value=""><span>》。</span></div>
【提示信息】
[]
请观看视频
！！！！！本题没有找到提示，暂时略过！！！！！

====================
2021-06-17 09:09:58
【填空题】
【题干】
<div><span>在电影《烈火中永生》中，许云峰、江姐挥手告别战友、英勇就义时响起的音乐是《</span><input class="blank" type="text" maxlength="51" value=""><span>》。</span></div>
【提示信息】
[]
请观看视频
！！！！！本题没有找到提示，暂时略过！！！！！

====================
2021-06-17 09:10:04
【填空题】
【题干】
<div><span>在电影《烈火中永生》中，许云峰、江姐挥手告别战友、英勇就义时响起的音乐是《</span><input class="blank" type="text" maxlength="51" value=""><span>》。</span></div>
【提示信息】
[]
请观看视频
！！！！！本题没有找到提示，暂时略过！！！！！

====================
2021-06-17 09:10:10
【填空题】
【题干】
<div><span>在电影《烈火中永生》中，许云峰、江姐挥手告别战友、英勇就义时响起的音乐是《</span><input class="blank" type="text" maxlength="51" value=""><span>》。</span></div>
【提示信息】
[]
请观看视频
！！！！！本题没有找到提示，暂时略过！！！！！

====================
2021-06-17 09:10:16
【填空题】
【题干】
<div><span>在电影《烈火中永生》中，许云峰、江姐挥手告别战友、英勇就义时响起的音乐是《</span><input class="blank" type="text" maxlength="51" value=""><span>》。</span></div>
【提示信息】
[]
请观看视频
！！！！！本题没有找到提示，暂时略过！！！！！

====================
2021-06-17 09:10:22
【填空题】
【题干】
<div><span>在电影《烈火中永生》中，许云峰、江姐挥手告别战友、英勇就义时响起的音乐是《</span><input class="blank" type="text" maxlength="51" value=""><span>》。</span></div>
【提示信息】
[]
请观看视频
！！！！！本题没有找到提示，暂时略过！！！！！

====================
2021-06-17 09:10:28
【填空题】
【题干】
<div><span>在电影《烈火中永生》中，许云峰、江姐挥手告别战友、英勇就义时响起的音乐是《</span><input class="blank" type="text" maxlength="51" value=""><span>》。</span></div>
【提示信息】
[]
请观看视频
！！！！！本题没有找到提示，暂时略过！！！！！

====================
2021-06-17 09:10:35
【填空题】
【题干】
<div><span>在电影《烈火中永生》中，许云峰、江姐挥手告别战友、英勇就义时响起的音乐是《</span><input class="blank" type="text" maxlength="51" value=""><span>》。</span></div>
【提示信息】
[]
请观看视频
！！！！！本题没有找到提示，暂时略过！！！！！

====================
2021-06-17 09:10:41
【填空题】
【题干】
<div><span>在电影《烈火中永生》中，许云峰、江姐挥手告别战友、英勇就义时响起的音乐是《</span><input class="blank" type="text" maxlength="51" value=""><span>》。</span></div>

====================
2021-06-17 09:12:59
【填空题】
【题干】
<div><span>电影《我和我的祖国——白昼流星》中，一对迷茫落魄的兄弟在退休扶贫办主任老李（田壮壮饰）的帮助下，迷途知返，生活悄然发生了变化。他们在广袤的大草原上策马奔腾，见证了</span><input class="blank" type="text" maxlength="51" value=""><span>十一号飞船返回舱的成功着陆，见到了寓言中的“白昼流星”。</span></div>
【提示信息】
['为人民服务']
为人民服务

====================
2021-06-17 09:13:06
【多选题】
【题干】
<div>延安整风运动的主要内容是，反对（）以整顿学风，反对（）以整顿党风，反对（）以整顿文风。</div>
【提示信息】
['主观主义', '宗派主义', '党八股']
延安整风运动是中国共产党历史上第一次大规模的整风运动。1941年5月开始，1945年4月结束。其主要内容是，反对<font color="red">主观主义</font>以整顿学风，反对<font color="red">宗派主义</font>以整顿党风，反对<font color="red">党八股</font>以整顿文风。
【多选题选项】
['A. 主观主义', 'B. 宗派主义', 'C. 党八股']
包含提示的选项 ABC，不包含提示的选项 []

====================
2021-06-17 09:13:17
【多选题】
【题干】
<div>延安整风运动的主要内容是，反对（）以整顿学风，反对（）以整顿党风，反对（）以整顿文风。</div>
【提示信息】
[]

！！！！！本题没有找到提示，暂时略过！！！！！

====================
2021-06-17 09:13:20
【多选题】
【题干】
<div>延安整风运动的主要内容是，反对（）以整顿学风，反对（）以整顿党风，反对（）以整顿文风。</div>
【提示信息】
[]

！！！！！本题没有找到提示，暂时略过！！！！！

====================
2021-06-17 09:13:23
【多选题】
【题干】
<div>延安整风运动的主要内容是，反对（）以整顿学风，反对（）以整顿党风，反对（）以整顿文风。</div>
【提示信息】
[]

！！！！！本题没有找到提示，暂时略过！！！！！

====================
2021-06-17 09:13:27
【多选题】
【题干】
<div>延安整风运动的主要内容是，反对（）以整顿学风，反对（）以整顿党风，反对（）以整顿文风。</div>
【提示信息】
[]

！！！！！本题没有找到提示，暂时略过！！！！！

====================
2021-06-17 09:13:30
【多选题】
【题干】
<div>延安整风运动的主要内容是，反对（）以整顿学风，反对（）以整顿党风，反对（）以整顿文风。</div>
【提示信息】
[]

！！！！！本题没有找到提示，暂时略过！！！！！

====================
2021-06-17 09:13:52
【多选题】
【题干】
<div>2016年7月1日，习近平在庆祝中国共产党成立95周年大会上指出，中国始终是（）、（）、（），愿扩大同各国的利益交汇点，推动构建以合作共赢为核心的新型国际关系，推动形成人类命运共同体和利益共同体。<div style="padding-top: 14px;"><span style="color: rgb(255, 125, 0);"> 来源：《习近平谈治国理政》第二卷 </span><span style="color: rgb(49, 62, 195);">（外文出版社2017年版）</span></div></div>
【提示信息】
['世界和平的建设者', '全球发展的贡献者', '国际秩序的维护者']
2016年7月1日，习近平在庆祝中国共产党成立95周年大会上指出，中国始终是<font color="red">世界和平的建设者</font>、<font color="red">全球发展的贡献者</font>、<font color="red">国际秩序的维护者</font>，愿扩大同各国的利益交汇点，推动构建以合作共赢为核心的新型国际关系，推动形成人类命运共同体和利益共同体。
【多选题选项】
['A. 世界和平的建设者', 'B. 全球发展的贡献者', 'C. 国际秩序的维护者']
包含提示的选项 ABC，不包含提示的选项 []

====================
2021-06-17 09:14:04
【多选题】
【题干】
<div>2021年2月20日，习近平在党史学习教育动员大会上强调，我们党的历史，就是一部（）的历史，就是一部（）的历史。<div style="padding-top: 14px;"><span style="color: rgb(255, 125, 0);"> 来源：习近平2021年2月20日在党史学习教育动员大会上的讲话 </span></div></div>
【提示信息】
['不断推进马克思主义中国化', '不断推进理论创新、进行理论创造']
2021年2月20日，习近平在党史学习教育动员大会上强调，我们党的历史，就是一部<font color="red">不断推进马克思主义中国化</font>的历史，就是一部<font color="red">不断推进理论创新、进行理论创造</font>的历史。
【多选题选项】
['A. 不断推进马克思主义中国化', 'B. 不断推进理论创新、进行理论创造']
包含提示的选项 AB，不包含提示的选项 []

====================
2021-06-17 09:14:13
【填空题】
【题干】
<div><span>2019年初发布的《中共中央关于加强党的政治建设的意见》指出，建立健全推进党的政治建设</span><input class="blank" type="text" maxlength="51" value=""><span>制，各级党委（党组）要切实负起本地区本部门党的政治建设工作主体责任，将其纳入党委（党组）工作总体布局，摆在首要位置来抓，认真研究部署、大力推进落实。</span></div>
【提示信息】
['工作责任']
2019年初发布的《中共中央关于加强党的政治建设的意见》指出，建立健全推进党的政治建设<font color="red">工作责任</font>制，各级党委（党组）要切实负起本地区本部门党的政治建设工作主体责任，将其纳入党委（党组）工作总体布局，摆在首要位置来抓，认真研究部署、大力推进落实。党委（党组）书记要认真履行第一责任人职责，对党的政治建设重要工作亲自部署、重要问题亲自过问、重大事件亲自处置。

====================
2021-06-17 09:14:22
【多选题】
【题干】
<div>2021年2月20日，习近平在党史学习教育动员大会上强调，我们党历来重视（），注重用党的（）鼓舞斗志、明确方向，用党的（）坚定信念、凝聚力量，用党的（）启迪智慧、砥砺品格。<div style="padding-top: 14px;"><span style="color: rgb(255, 125, 0);"> 来源：习近平2021年2月20日在党史学习教育动员大会上的讲话 </span></div></div>
【提示信息】
['党史学习教育', '奋斗历程和伟大成就', '光荣传统和优良作风', '实践创造和历史经验']
2021年2月20日，习近平在党史学习教育动员大会上强调，我们党历来重视<font color="red">党史学习教育</font>，注重用党的<font color="red">奋斗历程和伟大成就</font>鼓舞斗志、明确方向，用党的<font color="red">光荣传统和优良作风</font>坚定信念、凝聚力量，用党的<font color="red">实践创造和历史经验</font>启迪智慧、砥砺品格。
【多选题选项】
['A. 党史学习教育', 'B. 奋斗历程和伟大成就', 'C. 光荣传统和优良作风', 'D. 实践创造和历史经验']
包含提示的选项 ABCD，不包含提示的选项 []

====================
2021-06-17 09:14:33
【多选题】
【题干】
<div>2016年4月29日，习近平在主持中共十八届中央政治局第三十一次集体学习时指出，要广泛调动各类企业参与，引导更多社会力量投入“一带一路”建设，努力形成政府、市场、社会有机结合的合作模式，形成（）、（）、（）的立体格局。<div style="padding-top: 14px;"><span style="color: rgb(255, 125, 0);"> 来源：《习近平谈治国理政》第二卷 </span><span style="color: rgb(49, 62, 195);">（外文出版社2017年版）</span></div></div>

====================
2021-06-17 09:15:32
【单选题】
【题干】
<div>1938年11月，刘少奇同志从延安赴任中原局书记途中，在河南渑池驻留工作期间，写下了（）提纲，并在豫西特委党训班上首次宣传。</div>
【提示信息】
['《共产党员的修养》']
1938年11月，刘少奇同志从延安赴任中原局书记途中，在河南渑池驻留工作期间，写下了<font color="red">《共产党员的修养》</font>提纲，并在豫西特委党训班上首次宣传。自此，“红色修养”的革命种子在中原大地深深扎根、萌发成长。
【单选题选项】
['A. 《共产党员的修养》', 'B. 《论抗日民主政权》', 'C. 《论党》']
包含提示的选项 A，不包含提示的选项 BC

====================
2021-06-17 09:15:42
【多选题】
【题干】
<div>《党政领导干部选拔任用工作条例》规定，组织（人事）部门应当深化对干部的日常了解，坚持知事识人，把功夫下在平时，（）、（）、（）了解干部。根据日常了解情况，对领导班子和领导干部进行综合分析研判，为党委（党组）选人用人提供依据和参考。</div>
【提示信息】
['全方位', '多角度', '近距离']
《党政领导干部选拔任用工作条例》第十一条规定，组织（人事）部门应当深化对干部的日常了解，坚持知事识人，把功夫下在平时，<font color="red">全方位</font>、<font color="red">多角度</font>、<font color="red">近距离</font>了解干部。根据日常了解情况，对领导班子和领导干部进行综合分析研判，为党委（党组）选人用人提供依据和参考。
【多选题选项】
['A. 全方位', 'B. 多角度', 'C. 近距离']
包含提示的选项 ABC，不包含提示的选项 []

====================
2021-06-17 09:15:52
【填空题】
【题干】
<div><span>《党政领导干部选拔任用工作条例》明确规定，党委（党组）讨论决定干部任免事项，必须有三分之</span><input class="blank" type="text" maxlength="51" value=""><span>以上成员到会，并保证与会成员有足够时间听取情况介绍、充分发表意见。</span></div>
【提示信息】
['二']
《党政领导干部选拔任用工作条例》明确规定，党委（党组）讨论决定干部任免事项，必须有三分之<font color="red">二</font>以上成员到会，并保证与会成员有足够时间听取情况介绍、充分发表意见。

====================
2021-06-17 09:16:03
【填空题】
【题干】
<div><span>1939年至1940年间，陈毅三进</span><input class="blank" type="text" maxlength="51" value=""><span>，与李明扬、李长江会晤，进行艰苦细致的统战工作，为黄桥决战的胜利和建立苏北抗日民主根据地创造了有利条件。</span></div>
【提示信息】
['泰州']
1939年至1940年间，陈毅三进<font color="red">泰州</font>，与李明扬、李长江会晤，进行艰苦细致的统战工作，为黄桥决战的胜利和建立苏北抗日民主根据地创造了有利条件。

====================
2021-06-17 09:16:13
【填空题】
【题干】
<div><span>中国新民主主义革命伟大开端的标志是</span><input class="blank" type="text" maxlength="51" value=""><span>运动。</span><div style="padding-top: 14px;"><span style="color: rgb(255, 125, 0);"> 来源：《中国共产党简史》 </span><span style="color: rgb(49, 62, 195);">（人民出版社、中共党史出版社2021年版）</span></div></div>

====================
2021-06-17 09:17:00
【单选题】
【题干】
<div>中国共产党第一次全国代表大会先后在（）、（）召开。</div>
【提示信息】
['上海', '嘉兴']
中国共产党第一次全国代表大会先在<font color="red">上海</font>租界贝勒路树德里3号举行，后来移师到浙江<font color="red">嘉兴</font>南湖的一艘游船上继续举行。
【单选题选项】
['A. 上海 嘉兴', 'B. 上海 天津', 'C. 北京 上海', 'D. 北京 广州']
包含提示的选项 ABC，不包含提示的选项 BCD
！！！！！无法根据提示判断，请自行答题……！！！！！

====================
2021-06-17 09:17:04
【单选题】
【题干】
<div>中国共产党第一次全国代表大会先后在（）、（）召开。</div>
【提示信息】
['上海', '嘉兴']
中国共产党第一次全国代表大会先在<font color="red">上海</font>租界贝勒路树德里3号举行，后来移师到浙江<font color="red">嘉兴</font>南湖的一艘游船上继续举行。
【单选题选项】
['A. 上海 嘉兴', 'B. 上海 天津', 'C. 北京 上海', 'D. 北京 广州']
包含提示的选项 ABC，不包含提示的选项 BCD
！！！！！无法根据提示判断，请自行答题……！！！！！

====================
2021-06-17 09:17:08
【单选题】
【题干】
<div>中国共产党第一次全国代表大会先后在（）、（）召开。</div>
【提示信息】
['上海', '嘉兴']
中国共产党第一次全国代表大会先在<font color="red">上海</font>租界贝勒路树德里3号举行，后来移师到浙江<font color="red">嘉兴</font>南湖的一艘游船上继续举行。
【单选题选项】
['A. 上海 嘉兴', 'B. 上海 天津', 'C. 北京 上海', 'D. 北京 广州']
包含提示的选项 ABC，不包含提示的选项 BCD
！！！！！无法根据提示判断，请自行答题……！！！！！

====================
2021-06-17 09:17:12
【单选题】
【题干】
<div>中国共产党第一次全国代表大会先后在（）、（）召开。</div>
【提示信息】
['上海', '嘉兴']
中国共产党第一次全国代表大会先在<font color="red">上海</font>租界贝勒路树德里3号举行，后来移师到浙江<font color="red">嘉兴</font>南湖的一艘游船上继续举行。
【单选题选项】
['A. 上海 嘉兴', 'B. 上海 天津', 'C. 北京 上海', 'D. 北京 广州']
包含提示的选项 ABC，不包含提示的选项 BCD
！！！！！无法根据提示判断，请自行答题……！！！！！

====================
2021-06-17 09:17:17
【单选题】
【题干】
<div>中国共产党第一次全国代表大会先后在（）、（）召开。</div>
【提示信息】
['上海', '嘉兴']
中国共产党第一次全国代表大会先在<font color="red">上海</font>租界贝勒路树德里3号举行，后来移师到浙江<font color="red">嘉兴</font>南湖的一艘游船上继续举行。
【单选题选项】
['A. 上海 嘉兴', 'B. 上海 天津', 'C. 北京 上海', 'D. 北京 广州']
包含提示的选项 ABC，不包含提示的选项 BCD
！！！！！无法根据提示判断，请自行答题……！！！！！

====================
2021-06-17 09:17:21
【单选题】
【题干】
<div>中国共产党第一次全国代表大会先后在（）、（）召开。</div>
【提示信息】
['上海', '嘉兴']
中国共产党第一次全国代表大会先在<font color="red">上海</font>租界贝勒路树德里3号举行，后来移师到浙江<font color="red">嘉兴</font>南湖的一艘游船上继续举行。
【单选题选项】
['A. 上海 嘉兴', 'B. 上海 天津', 'C. 北京 上海', 'D. 北京 广州']
包含提示的选项 ABC，不包含提示的选项 BCD
！！！！！无法根据提示判断，请自行答题……！！！！！

====================
2021-06-17 09:17:25
【单选题】
【题干】
<div>中国共产党第一次全国代表大会先后在（）、（）召开。</div>
【提示信息】
['上海', '嘉兴']
中国共产党第一次全国代表大会先在<font color="red">上海</font>租界贝勒路树德里3号举行，后来移师到浙江<font color="red">嘉兴</font>南湖的一艘游船上继续举行。
【单选题选项】
['A. 上海 嘉兴', 'B. 上海 天津', 'C. 北京 上海', 'D. 北京 广州']
包含提示的选项 ABC，不包含提示的选项 BCD
！！！！！无法根据提示判断，请自行答题……！！！！！

====================
2021-06-17 09:17:29
【单选题】
【题干】
<div>中国共产党第一次全国代表大会先后在（）、（）召开。</div>
【提示信息】
['上海', '嘉兴']
中国共产党第一次全国代表大会先在<font color="red">上海</font>租界贝勒路树德里3号举行，后来移师到浙江<font color="red">嘉兴</font>南湖的一艘游船上继续举行。
【单选题选项】
['A. 上海 嘉兴', 'B. 上海 天津', 'C. 北京 上海', 'D. 北京 广州']
包含提示的选项 ABC，不包含提示的选项 BCD
！！！！！无法根据提示判断，请自行答题……！！！！！

====================
2021-06-17 09:17:34
【单选题】
【题干】
<div>中国共产党第一次全国代表大会先后在（）、（）召开。</div>
【提示信息】
['上海', '嘉兴']
中国共产党第一次全国代表大会先在<font color="red">上海</font>租界贝勒路树德里3号举行，后来移师到浙江<font color="red">嘉兴</font>南湖的一艘游船上继续举行。
【单选题选项】
['A. 上海 嘉兴', 'B. 上海 天津', 'C. 北京 上海', 'D. 北京 广州']
包含提示的选项 ABC，不包含提示的选项 BCD
！！！！！无法根据提示判断，请自行答题……！！！！！

====================
2021-06-17 09:17:38
【单选题】
【题干】
<div>中国共产党第一次全国代表大会先后在（）、（）召开。</div>

====================
2021-06-17 09:26:25
【单选题】
【题干】
<div>1951年9月，（）向北京、天津高校教师学习会的教师作《关于知识分子的改造问题》的报告，勉励一切有爱国思想的知识分子努力站到人民的立场，站到工人阶级的立场。<div style="padding-top: 14px;"><span style="color: rgb(255, 125, 0);"> 来源：《中国共产党简史》 </span><span style="color: rgb(49, 62, 195);">（人民出版社、中共党史出版社2021年版）</span></div></div>
【提示信息】
['周恩来']
1951年9月，<font color="red">周恩来</font>向北京、天津高校教师学习会的教师作《关于知识分子的改造问题》的报告，勉励一切有爱国思想的知识分子努力站到人民的立场，站到工人阶级的立场。
【单选题选项】
['A. 毛泽东', 'B. 周恩来', 'C. 刘少奇', 'D. 朱德']
包含提示的选项 B，不包含提示的选项 ACD

====================
2021-06-17 09:26:32
【单选题】
【题干】
<div>1935年12月27日，毛泽东在陕北瓦窑堡党的活动分子会议上作题为（）的报告，进一步阐明了建立抗日民族统一战线的必要性和可能性。</div>
【提示信息】
['《论反对日本帝国主义的策略》']
1935年12月27日，毛泽东在陕北瓦窑堡党的活动分子会议上作题为<font color="red">《论反对日本帝国主义的策略》</font>的报告，进一步阐明了建立抗日民族统一战线的必要性和可能性，强调要反对狭隘的关门主义，建立广泛的民族革命统一战线。
【单选题选项】
['A. 《中国共产党在抗日时期的任务》', 'B. 《中国革命战争的战略问题》', 'C. 《论反对日本帝国主义的策略》', 'D. 《论持久战》']
包含提示的选项 C，不包含提示的选项 ABD

====================
2021-06-17 09:26:39
【填空题】
【题干】
<div><span>根据《党委（党组）落实全面从严治党主体责任规定》，党委（党组）书记应当履行本地区本单位全面从严治党</span><input class="blank" type="text" maxlength="51" value=""><span>责任人职责，做到重要工作亲自部署、重大问题亲自过问、重点环节亲自协调、重要案件亲自督办；管好班子、带好队伍、抓好落实，支持、指导和督促领导班子其他成员、下级党委（党组）书记履行全面从严治党责任，发现问题及时提醒纠正。</span></div>
【提示信息】
['第一']
《党委（党组）落实全面从严治党主体责任规定》第八条规定，党委（党组）书记应当履行本地区本单位全面从严治党<font color="red">第一</font>责任人职责，做到重要工作亲自部署、重大问题亲自过问、重点环节亲自协调、重要案件亲自督办；管好班子、带好队伍、抓好落实，支持、指导和督促领导班子其他成员、下级党委（党组）书记履行全面从严治党责任，发现问题及时提醒纠正。

====================
2021-06-17 09:26:45
【多选题】
【题干】
<div>根据《党委（党组）落实全面从严治党主体责任规定》，党委（党组）应当通过会议、文件等形式通报（），及时通报（），采取组织调整或者组织处理、纪律处分方式问责的，应当以适当方式公开。</div>
【提示信息】
['本地区本单位落实全面从严治党主体责任情况', '因责任落实不力被问责的典型问题']
《党委（党组）落实全面从严治党主体责任规定》第十七条规定，党委（党组）应当通过会议、文件等形式通报<font color="red">本地区本单位落实全面从严治党主体责任情况</font>，及时通报<font color="red">因责任落实不力被问责的典型问题</font>，采取组织调整或者组织处理、纪律处分方式问责的，应当以适当方式公开。
【多选题选项】
['A. 本地区本单位落实全面从严治党主体责任情况', 'B. 因责任落实不力被问责的典型问题']
包含提示的选项 AB，不包含提示的选项 []

====================
2021-06-17 09:26:54
【多选题】
【题干】
<div>根据《党委（党组）落实全面从严治党主体责任规定》，地方党委应当将党的建设与经济社会发展同谋划、同部署、同推进、同考核，加强对本地区全面从严治党各项工作的领导。加强党的纪律建设，重点强化政治纪律和组织纪律，带动（）、（）、（）、（）严起来。</div>
【提示信息】
['廉洁纪律', '群众纪律', '工作纪律', '生活纪律']
《党委（党组）落实全面从严治党主体责任规定》第六条规定，地方党委应当将党的建设与经济社会发展同谋划、同部署、同推进、同考核，加强对本地区全面从严治党各项工作的领导。加强党的纪律建设，重点强化政治纪律和组织纪律，带动<font color="red">廉洁纪律</font>、<font color="red">群众纪律</font>、<font color="red">工作纪律</font>、<font color="red">生活纪律</font>严起来。
【多选题选项】
['A. 廉洁纪律', 'B. 群众纪律', 'C. 工作纪律', 'D. 生活纪律']
包含提示的选项 ABCD，不包含提示的选项 []
！！！！！没拿到满分！！！！！
！！！！！没拿到满分！！！！！
！！！！！没拿到满分！！！！！

====================
2021-06-18 08:33:12
【多选题】
【题干】
<div>《关于加强和改进中央和国家机关党的建设意见》指出，切实在（）上作表率，在（）上作表率，在（）上作表率，建设（）的模范机关，为推动中央和国家机关各项事业发展提供坚强保证。</div>
【提示信息】
['深入学习贯彻习近平新时代中国特色社会主义思想', '始终同以习近平同志为核心的党中央保持高度一致', '坚决贯彻落实党中央各项决策部署', '让党中央放心、让人民群众满意']
《关于加强和改进中央和国家机关党的建设意见》指出，以马克思列宁主义、毛泽东思想、邓小平理论、“三个代表”重要思想、科学发展观、习近平新时代中国特色社会主义思想为指导，树牢“四个意识”，坚定“四个自信”，带头做到“两个维护”，以党的政治建设为统领，着力深化理论武装，着力夯实基层基础，着力推进正风肃纪，着力解决和防止“灯下黑”问题，全面提高中央和国家机关党的建设质量，切实在<font color="red">深入学习贯彻习近平新时代中国特色社会主义思想</font>上作表率，在<font color="red">始终同以习近平同志为核心的党中央保持高度一致</font>上作表率，在<font color="red">坚决贯彻落实党中央各项决策部署</font>上作表率，建设<font color="red">让党中央放心、让人民群众满意</font>的模范机关，为推动中央和国家机关各项事业发展提供坚强保证。
【多选题选项】
['A. 深入学习贯彻习近平新时代中国特色社会主义思想', 'B. 始终同以习近平同志为核心的党中央保持高度一致', 'C. 坚决贯彻落实党中央各项决策部署', 'D. 让党中央放心、让人民群众满意']
包含提示的选项 ABCD，不包含提示的选项 []

====================
2021-06-18 08:33:21
【多选题】
【题干】
<div>2021年2月20日，习近平在党史学习教育动员大会上强调，（）、（）是党的生命，也是我们党能成为百年大党、创造世纪伟业的关键所在。<div style="padding-top: 14px;"><span style="color: rgb(255, 125, 0);"> 来源：习近平2021年2月20日在党史学习教育动员大会上的讲话 </span></div></div>
【提示信息】
['旗帜鲜明讲政治', '保证党的团结和集中统一']
2021年2月20日，习近平在党史学习教育动员大会上强调，<font color="red">旗帜鲜明讲政治</font>、<font color="red">保证党的团结和集中统一</font>是党的生命，也是我们党能成为百年大党、创造世纪伟业的关键所在。
【多选题选项】
['A. 旗帜鲜明讲政治', 'B. 保证党的团结和集中统一']
包含提示的选项 AB，不包含提示的选项 []

====================
2021-06-18 08:33:30
【填空题】
【题干】
<div><span>为了审查和纠正党在大革命后期的严重错误，决定新的路线和政策，中共中央于1927年8月7日在湖北汉口召开紧急会议，这次会议被称为</span><input class="blank" type="text" maxlength="51" value=""><span>。会议由瞿秋白、李维汉主持。</span></div>
【提示信息】
['八七会议']
为了审查和纠正党在大革命后期的严重错误，决定新的路线和政策，中共中央于1927年8月7日在湖北汉口召开紧急会议（即<font color="red">八七会议</font>）。会议由瞿秋白、李维汉主持。

====================
2021-06-18 08:33:39
【多选题】
【题干】
<div>2017年8月1日，习近平在庆祝中国人民解放军建军90周年大会上指出，党对军队绝对领导的根本原则和制度，发端于（），奠基于（），定型于（），是人民军队完全区别于一切旧军队的政治特质和根本优势。<div style="padding-top: 14px;"><span style="color: rgb(255, 125, 0);"> 来源：《论中国共产党历史》 </span><span style="color: rgb(49, 62, 195);">（中央文献出版社2021年版）</span></div></div>
【提示信息】
['南昌起义', '三湾改编', '古田会议']
2017年8月1日，习近平在庆祝中国人民解放军建军90周年大会上指出，党对军队绝对领导的根本原则和制度，发端于<font color="red">南昌起义</font>，奠基于<font color="red">三湾改编</font>，定型于<font color="red">古田会议</font>，是人民军队完全区别于一切旧军队的政治特质和根本优势。
【多选题选项】
['A. 南昌起义', 'B. 三湾改编', 'C. 古田会议']
包含提示的选项 ABC，不包含提示的选项 []

====================
2021-06-18 08:33:48
【多选题】
【题干】
<div>2014年3月18日，习近平在河南省兰考县委常委扩大会议上指出，（）、（）、（）、（）、无私奉献的焦裕禄精神，过去是、现在是、将来仍然是我们党的宝贵精神财富，永远不会过时。<div style="padding-top: 14px;"><span style="color: rgb(255, 125, 0);"> 来源：《论中国共产党历史》 </span><span style="color: rgb(49, 62, 195);">（中央文献出版社2021年版）</span></div></div>

====================
2021-06-18 08:34:44
【单选题】
【题干】
<div>20世纪70年代后期，台湾问题被提上党和国家重要议事日程。1979年1月1日，全国人大常委会发表（），郑重宣示了争取祖国和平统一的大政方针。<div style="padding-top: 14px;"><span style="color: rgb(255, 125, 0);"> 来源：《中国共产党简史》 </span><span style="color: rgb(49, 62, 195);">（人民出版社、中共党史出版社2021年版）</span></div></div>
【提示信息】
['《告台湾同胞书》']
20世纪70年代后期，台湾问题被提上党和国家重要议事日程。1979年1月1日，全国人大常委会发表<font color="red">《告台湾同胞书》</font>，郑重宣示了争取祖国和平统一的大政方针。此后，党中央进一步从全局高度统筹考虑祖国统一问题。
【单选题选项】
['A. 《关于对台人员在大陆亲属政策的通知》', 'B. 《一个国家，两种制度》', 'C. 《告台湾同胞书》', 'D. 《关于落实居住在祖国大陆的台湾同胞政策的指示》']
包含提示的选项 C，不包含提示的选项 ABD

====================
2021-06-18 08:34:53
【填空题】
【题干】
<div><span>古田会议决议指出，红军党内最迫切的问题，要算是</span><input class="blank" type="text" maxlength="51" value=""><span>的问题。为了红军的健全与扩大，为了斗争任务之能够负荷，都要从党内教育做起。</span></div>
【提示信息】
['教育']
古田会议决议指出，红军党内最迫切的问题，要算是<font color="red">教育</font>的问题，为了红军的健全与扩大，为了斗争任务之能够负荷，都要从党内教育做起。会议根据革命实践，总结出了开展党内教育的10种材料和18种教育方法。

====================
2021-06-18 08:35:04
【多选题】
【题干】
<div>党支部书记主持党支部全面工作，督促党支部其他委员履行职责、发挥作用，抓好党支部委员会自身建设，向（）、（）、（）报告工作。</div>
【提示信息】
['党支部委员会', '党员大会', '上级党组织']
《中国共产党支部工作条例（试行）》第二十二条规定，党支部书记主持党支部全面工作，督促党支部其他委员履行职责、发挥作用，抓好党支部委员会自身建设，向<font color="red">党支部委员会</font>、<font color="red">党员大会</font>和<font color="red">上级党组织</font>报告工作。
【多选题选项】
['A. 党支部委员会', 'B. 党员大会', 'C. 党小组会', 'D. 上级党组织']
包含提示的选项 ABD，不包含提示的选项 ['C']

====================
2021-06-18 08:35:11
【填空题】
【题干】
<div><span>1939年11月，在晋察冀军民反“扫荡”作战中，</span><input class="blank" type="text" maxlength="51" value=""><span>共产党员诺尔曼·白求恩大夫抢救八路军伤员时不幸感染中毒，为中国人民的解放事业献出了生命。</span><div style="padding-top: 14px;"><span style="color: rgb(255, 125, 0);"> 来源：《中国共产党简史》 </span><span style="color: rgb(49, 62, 195);">（人民出版社、中共党史出版社2021年版）</span></div></div>
【提示信息】
['加拿大']
1939年11月，在晋察冀军民反“扫荡”作战中，<font color="red">加拿大</font>共产党员诺尔曼·白求恩大夫抢救八路军伤员时不幸感染中毒，为中国人民的解放事业献出了生命。

====================
2021-06-18 08:35:44
【多选题】
【题干】
<div>《中国共产党章程》规定，党的各级纪律检查委员会是党内监督专责机关，主要任务是（）、（）、（）。</div>
【提示信息】
['维护党的章程和其他党内法规', '检查党的路线、方针、政策和决议的执行情况', '协助党的委员会推进全面从严治党、加强党风建设和组织协调反腐败工作']
《中国共产党章程》第四十六条规定，党的各级纪律检查委员会是党内监督专责机关，主要任务是：<font color="red">维护党的章程和其他党内法规</font>，<font color="red">检查党的路线、方针、政策和决议的执行情况</font>，<font color="red">协助党的委员会推进全面从严治党、加强党风建设和组织协调反腐败工作</font>。
【多选题选项】
['A. 维护党的章程和其他党内法规', 'B. 检查党的路线、方针、政策和决议的执行情况', 'C. 协助党的委员会推进全面从严治党、加强党风建设和组织协调反腐败工作']
包含提示的选项 ABC，不包含提示的选项 []

====================
2021-06-18 08:35:50
【填空题】
【题干】
<div><span>1927年，北方奉系军阀张作霖捕杀大批共产党员和革命群众。中国共产党主要创始人之一</span><input class="blank" type="text" maxlength="51" value=""><span>不幸被捕后牺牲。面对敌人的绞刑架，他从容就义，表现出对共产党人初心使命的顽强坚守，对党的事业的无比忠诚，树立起理想信念坚定的标杆。</span><div style="padding-top: 14px;"><span style="color: rgb(255, 125, 0);"> 来源：《中国共产党简史》 </span><span style="color: rgb(49, 62, 195);">（人民出版社、中共党史出版社2021年版）</span></div></div>
【提示信息】
['李大钊']
1927年，北方奉系军阀张作霖捕杀大批共产党员和革命群众。4月6日，中国共产党主要创始人之一<font color="red">李大钊</font>不幸被捕后牺牲。他与敌人英勇斗争，严守党的秘密，竭力掩护和解救同时被捕的同志。面对敌人的绞刑架，他从容就义，表现出对共产党人初心使命的顽强坚守，对党的事业的无比忠诚，树立起理想信念坚定的标杆。

====================
2021-06-18 08:36:01
【单选题】
【题干】
<div>1919年（）在《新青年》上发表《我的马克思主义观》一文，比较全面地介绍了马克思主义的唯物史观、经济学说和社会主义理论。</div>
【提示信息】
['李大钊']
《我的马克思主义观》是<font color="red">李大钊</font>于1919年在《新青年》上刊登的一篇文章。该文章论述了李大钊对于马克思主义的见解，极大推动了马克思主义在中国的传播。
【单选题选项】
['A. 陈独秀', 'B. 毛泽东', 'C. 李大钊', 'D. 周恩来']
包含提示的选项 C，不包含提示的选项 ABD

====================
2021-06-18 08:36:08
【填空题】
【题干】
<div><span>1922年5月5日至10日，青年团第一次全国代表大会在广州召开，中国</span><input class="blank" type="text" maxlength="51" value=""><span>青年团宣告成立。</span></div>
【提示信息】
['社会主义']
1922年5月5日至10日，青年团第一次全国代表大会在广州召开，中国<font color="red">社会主义</font>青年团宣告成立。

====================
2021-06-18 08:36:36
【多选题】
【题干】
<div>2013年3月17日，习近平在第十二届全国人民代表大会第一次会议上指出，实现全面建成小康社会、建成富强民主文明和谐的社会主义现代化国家的奋斗目标，实现中华民族伟大复兴的中国梦，就是要实现（）、（）、（），既深深体现了今天中国人的理想，也深深反映了我们先人们不懈追求进步的光荣传统。<div style="padding-top: 14px;"><span style="color: rgb(255, 125, 0);"> 来源：《习近平谈治国理政》第一卷 </span><span style="color: rgb(49, 62, 195);">（外文出版社2018年版）</span></div></div>
【提示信息】
['国家富强', '民族振兴', '人民幸福']
2013年3月17日，习近平在第十二届全国人民代表大会第一次会议上指出，实现全面建成小康社会、建成富强民主文明和谐的社会主义现代化国家的奋斗目标，实现中华民族伟大复兴的中国梦，就是要实现<font color="red">国家富强</font>、<font color="red">民族振兴</font>、<font color="red">人民幸福</font>，既深深体现了今天中国人的理想，也深深反映了我们先人们不懈追求进步的光荣传统。
【多选题选项】
['A. 国家富强', 'B. 民族振兴', 'C. 人民幸福']
包含提示的选项 ABC，不包含提示的选项 []

====================
2021-06-18 08:36:45
【填空题】
【题干】
<div><span>毛泽东在1949年8月18日发表的《别了，司徒雷登》文章中指出，中国人民的觉悟，</span><input class="blank" type="text" maxlength="51" value=""><span>领导的武装力量和民众组织力量已经空前地强大起来了。这样，就迫使美帝国主义的当权集团不能采取大规模地直接地武装进攻中国的政策，而采取了帮助蒋介石打内战的政策。</span></div>
【提示信息】
['中国共产党']
毛泽东在1949年8月18日发表的《别了，司徒雷登》文章中指出，中国人民的觉悟，<font color="red">中国共产党</font>领导的武装力量和民众组织力量已经空前地强大起来了。这样，就迫使美帝国主义的当权集团不能采取大规模地直接地武装进攻中国的政策，而采取了帮助蒋介石打内战的政策。

====================
2021-06-18 08:36:54
【填空题】
【题干】
<div><span>《中国共产党纪律处分条例》规定，不按照有关规定向组织请示、报告重大事项，情节较重的，给予警告或者</span><input class="blank" type="text" maxlength="51" value=""><span>处分；情节严重的，给予撤销党内职务或者留党察看处分。</span></div>
【提示信息】
['严重警告']
《中国共产党纪律处分条例》第五十四条规定，不按照有关规定向组织请示、报告重大事项，情节较重的，给予警告或者<font color="red">严重警告</font>处分；情节严重的，给予撤销党内职务或者留党察看处分。

====================
2021-06-18 08:37:05
【多选题】
【题干】
<div>2014年3月9日，习近平在参加第十二届全国人民代表大会第二次会议安徽代表团审议时指出，各级领导干部都要树立和发扬好的作风，既（），又（）。<div style="padding-top: 14px;"><span style="color: rgb(255, 125, 0);"> 来源：《习近平谈治国理政》第一卷 </span><span style="color: rgb(49, 62, 195);">（外文出版社2018年版）</span></div></div>

====================
2021-06-18 08:37:31
【填空题】
【题干】
<div><span>党的十九大报告指出，召开古田全军政治工作会议，恢复和发扬我党我军光荣传统和优良作风，人民军队</span><input class="blank" type="text" maxlength="51" value=""><span>得到有效治理。</span></div>
【提示信息】
['政治生态']
党的十九大报告指出，召开古田全军政治工作会议，恢复和发扬我党我军光荣传统和优良作风，人民军队<font color="red">政治生态</font>得到有效治理。

====================
2021-06-18 08:37:43
【多选题】
【题干】
<div>党支部应当严格执行党的组织生活制度，经常、认真、严肃地开展批评和自我批评，增强党内政治生活的（）、（）、（）、（）。</div>
【提示信息】
['政治性', '时代性', '原则性', '战斗性']
《中国共产党支部工作条例（试行）》第十五条规定，党支部应当严格执行党的组织生活制度，经常、认真、严肃地开展批评和自我批评，增强党内政治生活的<font color="red">政治性</font>、<font color="red">时代性</font>、<font color="red">原则性</font>、<font color="red">战斗性</font>。
【多选题选项】
['A. 政治性', 'B. 时代性', 'C. 原则性', 'D. 战斗性']
包含提示的选项 ABCD，不包含提示的选项 []

====================
2021-06-18 08:37:50
【单选题】
【题干】
<div>1940年8月至1941年1月，八路军总部在华北发动了一次大规模的对日军的进攻。随着战役的展开，陆续参战的部队达到105个团20余万人，这就是（）。<div style="padding-top: 14px;"><span style="color: rgb(255, 125, 0);"> 来源：《中国共产党简史》 </span><span style="color: rgb(49, 62, 195);">（人民出版社、中共党史出版社2021年版）</span></div></div>
【提示信息】
['百团大战']
1940年8月至翌年1月，八路军总部在华北发动了一次大规模的对日军的进攻。8月20日夜，参战部队、游击队、民兵同时发起攻击。随着战役的展开，陆续参战的部队达到105个团20余万人，这就是<font color="red">百团大战</font>。百团大战是全民族抗战以来八路军在华北发动的规模最大、持续时间最长的一次带战略性进攻的战役。
【单选题选项】
['A. 平型关大捷', 'B. 雁门关伏击战', 'C. 黄土岭战役', 'D. 百团大战']
包含提示的选项 D，不包含提示的选项 ABC

====================
2021-06-18 08:37:58
【填空题】
【题干】
<div><span>1945年6月11日，党的七大闭幕时，毛泽东以《</span><input class="blank" type="text" maxlength="51" value=""><span>》为题作了闭幕词。</span></div>
【提示信息】
['愚公移山']
1945年6月11日，毛泽东在党的七大闭幕词《<font color="red">愚公移山</font>》中指出：“有两座压在中国人民头上的大山，一座叫做帝国主义，一座叫做封建主义。中国共产党早就下了决心，要挖掉这两座山。我们一定要坚持下去，一定要不断地工作，我们也会感动上帝的。这个上帝不是别人，就是全中国的人民大众”。

====================
2021-06-18 08:38:34
【填空题】
【题干】
<div><span>革命烈士</span><input class="blank" type="text" maxlength="51" value=""><span>是中国共产党早期隐蔽战线斗争的人物代表，他与李克农、胡底被周恩来誉为中共隐蔽战线的“龙潭三杰”。</span></div>
【提示信息】
['钱壮飞']
<font color="red">钱壮飞</font>（1895年—1935年），浙江湖州人，是中国共产党早期隐蔽战线斗争的人物代表，周恩来曾把他与李克农、胡底并列为党的情报工作“龙潭三杰”。2009年9月14日，钱壮飞被评为100位为新中国成立作出突出贡献的英雄模范人物之一。

====================
2021-06-18 08:38:45
【填空题】
【题干】
<div><span>1930年5月，通过寻乌调查，毛泽东同志写下了两篇光辉的著作，分别是《寻乌调查》和《反对</span><input class="blank" type="text" maxlength="51" value=""><span>主义》。</span></div>
【提示信息】
['本本']
1930年5月，毛泽东同志率领红四军从闽西回到赣南，在寻乌建立了苏维埃政权，并利用红军在这一带开展群众工作和武装斗争的间隙，对寻乌进行了十多天系统而详细的调查，写出了《寻乌调查》和《反对<font color="red">本本</font>主义》（原名《调查工作》）两篇光辉著作。

====================
2021-06-18 08:38:55
【单选题】
【题干】
<div>最早提出“中国共产党”这一名称是（）。</div>
【提示信息】
['蔡和森']
最早提出“中国共产党”这一名称的是<font color="red">蔡和森</font>。1920年8月13日和9月16日，正在留法勤工俭学的他，在给毛泽东写的两封信中，详细地研讨了共产党问题，提出：“先要组织党——共产党，因为它是革命运动的发动者、宣传者、先锋队、作战部。”他在对西欧各国共产党特别是俄国共产党考察的基础上，提出了具体的建党步骤，其中包括“明目张胆正式成立一个中国共产党”。
【单选题选项】
['A. 陈独秀', 'B. 李大钊', 'C. 蔡和森', 'D. 毛泽东']
包含提示的选项 C，不包含提示的选项 ABD

====================
2021-06-18 08:39:03
【单选题】
【题干】
<div>党支部党员大会是党支部的议事决策机构，由全体党员参加，一般每季度召开（）次。</div>
【提示信息】
['1']
《中国共产党支部工作条例（试行）》第十一条规定，党支部党员大会是党支部的议事决策机构，由全体党员参加，一般每季度召开<font color="red">1</font>次。
【单选题选项】
['A. 1', 'B. 2', 'C. 3', 'D. 4']
包含提示的选项 A，不包含提示的选项 BCD

====================
2021-06-18 08:39:12
【填空题】
【题干】
<div><span>电影《童年周恩来》中，周恩来看见嗣母总在画南宋抗金女英雄</span><input class="blank" type="text" maxlength="51" value=""><span>的画像，周恩来的嗣母借此给他讲述了抗金女英雄抗金爱国的故事，在他幼小的心灵中种下了爱国的种子。</span></div>
【提示信息】
['为人民服务']
为人民服务
！！！！！没拿到满分！！！！！

====================
2021-06-18 08:42:18
【单选题】
【题干】
<div>毛泽东1927年初对湖南农民运动进行了32天的考察，写成了（）。<div style="padding-top: 14px;"><span style="color: rgb(255, 125, 0);"> 来源：《中国共产党简史》 </span><span style="color: rgb(49, 62, 195);">（人民出版社、中共党史出版社2021年版）</span></div></div>
【提示信息】
['《湖南农民运动考察报告》']
毛泽东1927年初对湖南农民运动进行了32天的考察。在<font color="red">《湖南农民运动考察报告》</font>中，他尖锐批驳党内外责难农民运动的种种谬论，论述了农村革命的伟大意义，强调必须依靠贫农作为“革命先锋”，团结中农和其他可以争取的力量，建立农民协会和农民武装，掌握农村一切权力，然后进行减租减息、分配土地等斗争。
【单选题选项】
['A. 《中国社会各阶级的分析》', 'B. 《星星之火，可以燎原》', 'C. 《井冈山的斗争》', 'D. 《湖南农民运动考察报告》']
包含提示的选项 D，不包含提示的选项 ABC

====================
2021-06-18 08:42:26
【填空题】
【题干】
<div><span>民主生活会应当切实解决问题，对检查和反映出来的问题，领导班子及其成员应当制定整改措施，确定整改目标和完成时限。对群众反映强烈的突出问题进行</span><input class="blank" type="text" maxlength="51" value=""><span>。</span></div>
【提示信息】
['专项整治']
《县以上党和国家机关党员领导干部民主生活会若干规定》第十三条规定，民主生活会应当切实解决问题，对检查和反映出来的问题，领导班子及其成员应当制定整改措施，确定整改目标和完成时限。对群众反映强烈的突出问题进行<font color="red">专项整治</font>。

====================
2021-06-18 08:42:35
【填空题】
【题干】
<div><span>电影《钱学森》再现了中国自行研制的第一颗原子弹爆炸成功的情景，这枚原子弹爆炸成功的时间是</span><input class="blank" type="text" maxlength="51" value=""><span>年10月16日。</span></div>
【提示信息】
['为人民服务']
为人民服务

====================
2021-06-18 08:42:45
【填空题】
【题干】
<div><span>1950年10月，中共中央作出了</span><input class="blank" type="text" maxlength="51" value=""><span>、保家卫国的决策，组建并派遣中国人民志愿军赴朝作战。历时两年零九个月，中国人民取得了抗美援朝战争的伟大胜利。</span></div>
【提示信息】
['抗美援朝']
1950年10月，中共中央作出了<font color="red">抗美援朝</font>、保家卫国的决策，组建并派遣中国人民志愿军赴朝作战。历时两年零九个月，中国人民取得了抗美援朝战争的伟大胜利。

====================
2021-06-18 08:42:54
【填空题】
【题干】
<div><span>电影《地道战》中日本鬼子企图破坏地道，对高家庄进行了炮火轰炸，高传宝采用了“放鬼子进庄”的战术，让鬼子的炮火“使不上劲”，当所有民兵都钻进地道后，高传宝对着传声筒喊：“各小组注意，你们各自为战，</span><input class="blank" type="text" maxlength="51" value=""><span>，不准放空枪，开火”。充分展现了抗日军民的战斗智慧。</span></div>
【提示信息】
['为人民服务']
为人民服务

====================
2021-06-18 08:43:02
【填空题】
【题干】
<div><span>电影《地道战》中日本鬼子企图破坏地道，对高家庄进行了炮火轰炸，高传宝采用了“放鬼子进庄”的战术，让鬼子的炮火“使不上劲”，当所有民兵都钻进地道后，高传宝对着传声筒喊：“各小组注意，你们各自为战，</span><input class="blank wrong" type="text" maxlength="51" value="为人民服务" readonly="" disabled="" style="width: 95px;"><span>，不准放空枪，开火”。充分展现了抗日军民的战斗智慧。</span></div>
【提示信息】
[]

！！！！！本题没有找到提示，暂时略过！！！！！

====================
2021-06-18 08:43:05
【填空题】
【题干】
<div><span>电影《地道战》中日本鬼子企图破坏地道，对高家庄进行了炮火轰炸，高传宝采用了“放鬼子进庄”的战术，让鬼子的炮火“使不上劲”，当所有民兵都钻进地道后，高传宝对着传声筒喊：“各小组注意，你们各自为战，</span><input class="blank wrong" type="text" maxlength="51" value="为人民服务" readonly="" disabled="" style="width: 95px;"><span>，不准放空枪，开火”。充分展现了抗日军民的战斗智慧。</span></div>
【提示信息】
[]

！！！！！本题没有找到提示，暂时略过！！！！！

====================
2021-06-18 08:43:08
【填空题】
【题干】
<div><span>电影《地道战》中日本鬼子企图破坏地道，对高家庄进行了炮火轰炸，高传宝采用了“放鬼子进庄”的战术，让鬼子的炮火“使不上劲”，当所有民兵都钻进地道后，高传宝对着传声筒喊：“各小组注意，你们各自为战，</span><input class="blank wrong" type="text" maxlength="51" value="为人民服务" readonly="" disabled="" style="width: 95px;"><span>，不准放空枪，开火”。充分展现了抗日军民的战斗智慧。</span></div>
【提示信息】
[]

！！！！！本题没有找到提示，暂时略过！！！！！

====================
2021-06-18 08:43:11
【填空题】
【题干】
<div><span>电影《地道战》中日本鬼子企图破坏地道，对高家庄进行了炮火轰炸，高传宝采用了“放鬼子进庄”的战术，让鬼子的炮火“使不上劲”，当所有民兵都钻进地道后，高传宝对着传声筒喊：“各小组注意，你们各自为战，</span><input class="blank wrong" type="text" maxlength="51" value="为人民服务" readonly="" disabled="" style="width: 95px;"><span>，不准放空枪，开火”。充分展现了抗日军民的战斗智慧。</span></div>
【提示信息】
[]

！！！！！本题没有找到提示，暂时略过！！！！！

====================
2021-06-18 08:43:14
【填空题】
【题干】
<div><span>电影《地道战》中日本鬼子企图破坏地道，对高家庄进行了炮火轰炸，高传宝采用了“放鬼子进庄”的战术，让鬼子的炮火“使不上劲”，当所有民兵都钻进地道后，高传宝对着传声筒喊：“各小组注意，你们各自为战，</span><input class="blank wrong" type="text" maxlength="51" value="为人民服务" readonly="" disabled="" style="width: 95px;"><span>，不准放空枪，开火”。充分展现了抗日军民的战斗智慧。</span></div>
【提示信息】
[]

！！！！！本题没有找到提示，暂时略过！！！！！

====================
2021-06-18 08:43:17
【填空题】
【题干】
<div><span>电影《地道战》中日本鬼子企图破坏地道，对高家庄进行了炮火轰炸，高传宝采用了“放鬼子进庄”的战术，让鬼子的炮火“使不上劲”，当所有民兵都钻进地道后，高传宝对着传声筒喊：“各小组注意，你们各自为战，</span><input class="blank wrong" type="text" maxlength="51" value="为人民服务" readonly="" disabled="" style="width: 95px;"><span>，不准放空枪，开火”。充分展现了抗日军民的战斗智慧。</span></div>
【提示信息】
[]

！！！！！本题没有找到提示，暂时略过！！！！！

====================
2021-06-18 08:44:28
【填空题】
【题干】
<div><span>2019年5月，中共中央印发的《中国共产党党员教育管理工作条例》规定，对具备转移组织关系条件的流动党员，流出地和</span><input class="blank" type="text" maxlength="51" value=""><span>党组织应当衔接做好转接工作。</span></div>
【提示信息】
['流入地']
《中国共产党党员教育管理工作条例》第三十二条规定，对具备转移组织关系条件的流动党员，流出地和<font color="red">流入地</font>党组织应当衔接做好转接工作。

====================
2021-06-18 08:44:37
【填空题】
【题干】
<div><span>1950年10月19日，中国人民志愿军在彭德怀司令员兼政治委员率领下，按照预定计划，从安东（今辽宁丹东）、长甸河口、集安（今属吉林）三个口岸，跨过鸭绿江，出国作战。从此，开始了伟大的</span><input class="blank" type="text" maxlength="51" value=""><span>战争。</span></div>
【提示信息】
['抗美援朝']
1950年10月19日，中国人民志愿军在彭德怀司令员兼政治委员率领下，按照预定计划，从安东（今辽宁丹东）、长甸河口、集安（今属吉林）三个口岸，跨过鸭绿江，出国作战。从此，开始了伟大的<font color="red">抗美援朝</font>战争。

====================
2021-06-18 08:44:49
【填空题】
【题干】
<div><span>2013年6月25日，习近平在主持中共十八届中央政治局第七次集体学习时指出，学习党史、国史，是我们坚持和发展中国特色社会主义、把党和国家各项事业继续推向前进的</span><input class="blank" type="text" maxlength="51" value=""><span>。</span><div style="padding-top: 14px;"><span style="color: rgb(255, 125, 0);"> 来源：《论中国共产党历史》 </span><span style="color: rgb(49, 62, 195);">（中央文献出版社2021年版）</span></div></div>
【提示信息】
['必修课']
2013年6月25日，习近平在主持中共十八届中央政治局第七次集体学习时指出，学习党史、国史，是我们坚持和发展中国特色社会主义、把党和国家各项事业继续推向前进的<font color="red">必修课</font>。

====================
2021-06-18 08:44:59
【单选题】
【题干】
<div>1980年2月，党的十一届五中全会通过（），并向全社会公布。《准则》总结了历史上党内政治生活的经验教训，把党章的有关规定和民主集中制的原则具体化，提出12个方面的要求。<div style="padding-top: 14px;"><span style="color: rgb(255, 125, 0);"> 来源：《中国共产党简史》 </span><span style="color: rgb(49, 62, 195);">（人民出版社、中共党史出版社2021年版）</span></div></div>
【提示信息】
['《关于党内政治生活的若干准则》']
1980年2月，党的十一届五中全会正式通过<font color="red">《关于党内政治生活的若干准则》</font>，并向全社会公布。《准则》总结历史上党内政治生活的经验教训，把党章的有关规定和民主集中制的原则具体化，提出12个方面的要求。
【单选题选项】
['A. 《关于建立老干部退休制度的决定》', 'B. 《关于党内政治生活的若干准则》']
包含提示的选项 B，不包含提示的选项 A

====================
2021-06-18 08:45:07
【多选题】
【题干】
<div>延安时期，毛泽东亲自担任中国人民抗日军事政治大学教育委员会主席，亲手为抗大制定了“（），（），（）”的教育方针。</div>
【提示信息】
['坚定正确的政治方向', '艰苦朴素的工作作风', '灵活机动的战略战术']
中国人民抗日军事政治大学（简称“抗大”）是中国共产党创办的最具代表性的一所干部学校，毛泽东亲自担任抗大教育委员会主席，亲手为抗大制定了“<font color="red">坚定正确的政治方向</font>，<font color="red">艰苦朴素的工作作风</font>，<font color="red">灵活机动的战略战术</font>”的教育方针。
【多选题选项】
['A. 坚定正确的政治方向', 'B. 艰苦朴素的工作作风', 'C. 灵活机动的战略战术']
包含提示的选项 ABC，不包含提示的选项 []

====================
2021-06-19 08:27:34
【多选题】
【题干】
<div>2014年10月23日，习近平在中共十八届四中全会第二次全体会议上指出，全面推进依法治国总目标是建设中国特色社会主义（），建设社会主义（）。<div style="padding-top: 14px;"><span style="color: rgb(255, 125, 0);"> 来源：《习近平谈治国理政》第二卷 </span><span style="color: rgb(49, 62, 195);">（外文出版社2017年版）</span></div></div>
【提示信息】
['法治体系', '法', '治国家']
2014年10月23日，习近平在中共十八届四中全会第二次全体会议上指出，全面推进依法治国总目标是建设中国特色社会主义<font color="red">法治体系</font>，建设社会主义<font color="red">法</font><font color="red">治国家</font>。
【多选题选项】
['A. 法治体系', 'B. 法治国家']
包含提示的选项 AB，不包含提示的选项 []

====================
2021-06-19 08:27:43
【多选题】
【题干】
<div>《关于加强和改进中央和国家机关党的建设意见》指出，建立健全重大情况党内通报制度。坚持并完善谈心谈话制度，领导班子成员之间、班子成员和干部职工之间要开展经常性的谈心谈话。基层党组织负责人要经常、主动和干部职工谈心谈话。善于利用重要节点开展谈心谈话，做到（）必谈、（）必谈、（）必谈、（）必谈。</div>
【提示信息】
['岗位变动', '组织处理', '发生家庭变故', '发现苗头性', '问题']
《关于加强和改进中央和国家机关党的建设意见》指出，坚持并完善谈心谈话制度，领导班子成员之间、班子成员和干部职工之间要开展经常性的谈心谈话。基层党组织负责人要经常、主动和干部职工谈心谈话。善于利用重要节点开展谈心谈话，做到<font color="red">岗位变动</font>必谈、<font color="red">组织处理</font>必谈、<font color="red">发生家庭变故</font>必谈、<font color="red">发现苗头性</font><font color="red">问题</font>必谈。不断提高思想政治工作水平，防止简单以政治学习和集体谈话代替一对一的思想政治工作。
【多选题选项】
['A. 岗位变动', 'B. 组织处理', 'C. 发生家庭变故', 'D. 发现苗头性问题']
包含提示的选项 ABCD，不包含提示的选项 []

====================
2021-06-19 08:27:51
【单选题】
【题干】
<div>《关于新形势下党内政治生活的若干准则》规定，党最根本、最重要的纪律是（）。</div>
【提示信息】
['政治纪律']
《关于新形势下党内政治生活的若干准则》指出，<font color="red">政治纪律</font>是党最根本、最重要的纪律，遵守党的政治纪律是遵守党的全部纪律的基础。全党特别是高级干部必须严格遵守党的政治纪律和政治规矩。
【单选题选项】
['A. 群众纪律', 'B. 廉洁纪律', 'C. 政治纪律']
包含提示的选项 C，不包含提示的选项 AB

====================
2021-06-19 08:28:00
【单选题】
【题干】
<div>1949年3月在西柏坡召开的党的七届二中全会，讨论了党的工作重心（）的问题，指出用乡村包围城市的时期已经完结。<div style="padding-top: 14px;"><span style="color: rgb(255, 125, 0);"> 来源：《中国共产党简史》 </span><span style="color: rgb(49, 62, 195);">（人民出版社、中共党史出版社2021年版）</span></div></div>

====================
2021-06-19 08:28:19
【填空题】
【题干】
<div><span>电影《建军大业》中，八七会议后，毛泽东决定回湖南组织秋收起义，行动之前回家与杨开慧和孩子告别，他让杨开慧先带孩子回韶山，杨开慧没有同意，临别之际，杨开慧说了“</span><input class="blank" type="text" maxlength="51" value=""><span>”四个字，进一步坚定了毛泽东前行的脚步。</span></div>
【提示信息】
['为人民服务']
为人民服务

====================
2021-06-19 08:28:25
【填空题】
【题干】
<div><span>1928年4月下旬，朱德、陈毅率领南昌起义保留下来的部队和湘南起义农军一万余人陆续转移到</span><input class="blank" type="text" maxlength="51" value=""><span>地区，与毛泽东领导的部队会师，成立工农革命军第四军（后改称“工农红军第四军”）。</span><div style="padding-top: 14px;"><span style="color: rgb(255, 125, 0);"> 来源：《中国共产党简史》 </span><span style="color: rgb(49, 62, 195);">（人民出版社、中共党史出版社2021年版）</span></div></div>
【提示信息】
['井冈山']
1928年4月下旬，朱德、陈毅率领南昌起义保留下来的部队和湘南起义农军一万余人陆续转移到<font color="red">井冈山</font>地区，与毛泽东领导的部队会师，成立工农革命军第四军（后改称“工农红军第四军”），朱德任军长，毛泽东任党代表和军委书记。

====================
2021-06-19 08:28:34
【填空题】
【题干】
<div><span>2017年3月24日，习近平在中央全面深化改革领导小组第三十三次会议上指出，各级主要负责同志要自觉从</span><input class="blank" type="text" maxlength="51" value=""><span>高度谋划推进改革，做到实事求是、求真务实，善始善终、善作善成，把准方向、敢于担当，亲力亲为、抓实工作。</span><div style="padding-top: 14px;"><span style="color: rgb(255, 125, 0);"> 来源：《习近平谈治国理政》第二卷 </span><span style="color: rgb(49, 62, 195);">（外文出版社2017年版）</span></div></div>
【提示信息】
['全局']
2017年3月24日，习近平在中央全面深化改革领导小组第三十三次会议上指出，各级主要负责同志要自觉从<font color="red">全局</font>高度谋划推进改革，做到实事求是、求真务实，善始善终、善作善成，把准方向、敢于担当，亲力亲为、抓实工作。

====================
2021-06-19 08:28:45
【单选题】
【题干】
<div>预备党员的预备期，从（）其为预备党员之日算起。</div>
【提示信息】
['支部大会通过']
《中国共产党发展党员工作细则》第三十二条规定，预备党员的预备期为一年。预备期从<font color="red">支部大会通过</font>其为预备党员之日算起。
【单选题选项】
['A. 支部大会上报', 'B. 支部大会讨论', 'C. 支部大会通过', 'D. 上级党组织批准']
包含提示的选项 C，不包含提示的选项 ABD

====================
2021-06-19 08:28:52
【单选题】
【题干】
<div>1938年10月，全民族抗日战争由战略防御阶段进入战略相持阶段，中国共产党肩负起抗击日本侵略军的主要责任，党领导的敌后（）成为主要的对日作战方式。<div style="padding-top: 14px;"><span style="color: rgb(255, 125, 0);"> 来源：《中国共产党简史》 </span><span style="color: rgb(49, 62, 195);">（人民出版社、中共党史出版社2021年版）</span></div></div>

====================
2021-06-19 08:29:10
【多选题】
【题干】
<div>1935年1月，党中央在贵州遵义召开政治局扩大会议，集中解决当时具有决定意义的（）和（）问题。<div style="padding-top: 14px;"><span style="color: rgb(255, 125, 0);"> 来源：《中国共产党简史》 </span><span style="color: rgb(49, 62, 195);">（人民出版社、中共党史出版社2021年版）</span></div></div>
【提示信息】
['军事', '组织']
1935年1月，党中央在贵州遵义召开政治局扩大会议，集中解决当时具有决定意义的<font color="red">军事</font>和<font color="red">组织</font>问题。遵义会议事实上确立了毛泽东在党中央和红军的领导地位，在最危急关头挽救了党、挽救了红军、挽救了中国革命。
【多选题选项】
['A. 军事', 'B. 作风', 'C. 组织', 'D. 政治策略']
包含提示的选项 AC，不包含提示的选项 ['B', 'D']

====================
2021-06-19 08:29:19
【单选题】
【题干】
<div>1935年，中共中央发表了著名的《八一宣言》，全名为（），提出了“停止内战，一致抗日”的主张。</div>
【提示信息】
['《为抗日救国告全体同胞书》']
1935年8月1日，中共驻共产国际代表团王明等人，根据共产国际第七次代表会议上有关在各国建立反法西斯统一战线的精神要求，起草了<font color="red">《为抗日救国告全体同胞书》</font>，因文件标注日期为8月1日，故称《八一宣言》。
【单选题选项】
['A. 《为日本帝国主义强暴占领东三省事件宣言》', 'B. 《为抗日救国告全体同胞书》', 'C. 《对日战争宣言》', 'D. 《中共中央为公布国共合作宣言》']
包含提示的选项 B，不包含提示的选项 ACD

====================
2021-06-19 08:29:28
【填空题】
【题干】
<div><span>“铁肩担道义，妙手著文章”，</span><input class="blank" type="text" maxlength="51" value=""><span>曾以此为联赠送朋友。这副对联，也是他一生的写照。</span></div>
【提示信息】
['李大钊']
“铁肩担道义，妙手著文章”，<font color="red">李大钊</font>曾以此为联赠送朋友。这副对联，也是他一生的写照。从留学日本期间起草《警告全国父老书》组织爱国活动，到俄国十月革命后积极传播马克思主义，至奋不顾身领导党的北方组织坚持革命斗争，李大钊以对马克思主义的忠诚信仰，生动展现出共产党人的崇高气节。

====================
2021-06-19 08:29:37
【多选题】
【题干】
<div>2021年2月20日，习近平在党史学习教育动员大会上指出，要教育引导全党深刻认识（），坚持（），始终把人民放在心中最高位置、把人民对美好生活的向往作为奋斗目标，推动改革发展成果更多更公平惠及全体人民，推动（），把14亿中国人民凝聚成推动中华民族伟大复兴的磅礴力量。<div style="padding-top: 14px;"><span style="color: rgb(255, 125, 0);"> 来源：习近平2021年2月20日在党史学习教育动员大会上的讲话 </span></div></div>
【提示信息】
['党的性质宗旨', '一切为了人民、一切依靠人民', '共同富裕取得更为明显的实质性进展']
2021年2月20日，习近平在党史学习教育动员大会上指出，要教育引导全党深刻认识<font color="red">党的性质宗旨</font>，坚持<font color="red">一切为了人民、一切依靠人民</font>，始终把人民放在心中最高位置、把人民对美好生活的向往作为奋斗目标，推动改革发展成果更多更公平惠及全体人民，推动<font color="red">共同富裕取得更为明显的实质性进展</font>，把14亿中国人民凝聚成推动中华民族伟大复兴的磅礴力量。
【多选题选项】
['A. 党的性质宗旨', 'B. 一切为了人民、一切依靠人民', 'C. 共同富裕取得更为明显的实质性进展']
包含提示的选项 ABC，不包含提示的选项 []

====================
2021-06-19 08:29:44
【填空题】
【题干】
<div><span>2012年12月31日，习近平在主持十八届中央政治局第二次集体学习时指出，要加强宏观思考和顶层设计，更加注重改革的系统性、整体性、协同性，同时也要继续鼓励大胆试验、大胆突破，不断把</span><input class="blank" type="text" maxlength="51" value=""><span>引向深入。</span><div style="padding-top: 14px;"><span style="color: rgb(255, 125, 0);"> 来源：《习近平谈治国理政》第一卷 </span><span style="color: rgb(49, 62, 195);">（外文出版社2018年版）</span></div></div>
【提示信息】
['改革开放']
2012年12月31日，习近平在主持十八届中央政治局第二次集体学习时指出，要加强宏观思考和顶层设计，更加注重改革的系统性、整体性、协同性，同时也要继续鼓励大胆试验、大胆突破，不断把<font color="red">改革开放</font>引向深入。

====================
2021-06-20 06:48:53
【填空题】
【题干】
<div><span>2016年5月16日，习近平在中央财经领导小组第十三次会议上指出，扩大</span><input class="blank" type="text" maxlength="51" value=""><span>群体，关系全面建成小康社会目标的实现，是转方式调结构的必然要求，是维护社会和谐稳定、国家长治久安的必然要求。</span><div style="padding-top: 14px;"><span style="color: rgb(255, 125, 0);"> 来源：《习近平谈治国理政》第二卷 </span><span style="color: rgb(49, 62, 195);">（外文出版社2017年版）</span></div></div>
【提示信息】
['中等收入']
2016年5月16日，习近平在中央财经领导小组第十三次会议上指出，扩大<font color="red">中等收入</font>群体，关系全面建成小康社会目标的实现，是转方式调结构的必然要求，是维护社会和谐稳定、国家长治久安的必然要求。

====================
2021-06-20 06:49:03
【填空题】
【题干】
<div><span>1927年9月29日至10月3日，毛泽东在江西永新县三湾村，领导了举世闻名的“</span><input class="blank" type="text" maxlength="51" value=""><span>”。从政治上组织上保证了党对军队的绝对领导，是我党建设新型人民军队最早的一次成功探索和实践，标志着毛泽东建设人民军队思想的开始形成。</span></div>
【提示信息】
['三湾改编']
1927年9月29日至10月3日，毛泽东在江西永新县三湾村，领导了举世闻名的“<font color="red">三湾改编</font>”。从政治上组织上保证了党对军队的绝对领导，是我党建设新型人民军队最早的一次成功探索和实践，标志着毛泽东建设人民军队思想的开始形成。

====================
2021-06-20 06:49:13
【多选题】
【题干】
<div>1941年9月至10月，中央政治局召开扩大会议（九月会议），党的高级干部开始学习和研究（），总结（），以求从（）上分清是非，达到基本一致的认识，为全党普遍整风做了准备。<div style="padding-top: 14px;"><span style="color: rgb(255, 125, 0);"> 来源：《中国共产党简史》 </span><span style="color: rgb(49, 62, 195);">（人民出版社、中共党史出版社2021年版）</span></div></div>
【提示信息】
['党的历史', '党的历史经验', '政治路线']
1941年5月，毛泽东在延安高级干部会议上作《改造我们的学习》的报告。9月至10月，中央政治局召开扩大会议（九月会议），党的高级干部开始学习和研究<font color="red">党的历史</font>，总结<font color="red">党的历史经验</font>，以求从<font color="red">政治路线</font>上分清是非，达到基本一致的认识，为全党普遍整风做了准备。
【多选题选项】
['A. 党的历史', 'B. 党的历史经验', 'C. 政治路线']
包含提示的选项 ABC，不包含提示的选项 []

====================
2021-06-20 06:49:24
【多选题】
【题干】
<div>延安精神的内涵是（）、（）、（）、（）。</div>
【提示信息】
['坚定正确的政治方向', '解放思想、实事求是的思想路线', '全心全意为人民服务的根本宗旨', '自力更生、艰苦奋斗的创业精神']
<font color="red">坚定正确的政治方向</font>，<font color="red">解放思想、实事求是的思想路线</font>，<font color="red">全心全意为人民服务的根本宗旨</font>，<font color="red">自力更生、艰苦奋斗的创业精神</font>，是延安精神的主要内容。
【多选题选项】
['A. 坚定正确的政治方向', 'B. 解放思想、实事求是的思想路线', 'C. 全心全意为人民服务的根本宗旨', 'D. 自力更生、艰苦奋斗的创业精神']
包含提示的选项 ABCD，不包含提示的选项 []

====================
2021-06-20 06:49:33
【填空题】
【题干】
<div><span>电影《周恩来回延安》中，中共中央在延安时期设立了一个对外接待工作的专门机构，被称为陕甘宁边区的窗口，为党的民族统一战线做出了贡献。这个机构是陕甘宁边区政府</span><input class="blank" type="text" maxlength="51" value=""><span>。</span></div>
【提示信息】
['为人民服务']
为人民服务
！！！！！没拿到满分！！！！！

====================
2021-06-20 18:00:19
【填空题】
【题干】
<div><span>电影《我和我的祖国——夺冠》中，小男孩东东面临着与小美最后告别和为弄堂居民顺利播放女排比赛的艰难抉择，在铺天盖地的助威声中，东东也被爱国热情感染，他冲上屋顶，扶起</span><input class="blank" type="text" maxlength="51" value=""><span>，让街坊邻居看到了女排夺冠的精彩瞬间。</span></div>
【提示信息】
['为人民服务']
为人民服务

====================
2021-06-20 18:00:28
【填空题】
【题干】
<div><span>2018年1月5日，习近平在新进中央委员会的委员、候补委员和省部级主要领导干部学习贯彻习近平新时代中国特色社会主义思想和党的十九大精神研讨班开班式上指出，不忘初心，牢记使命，就不要忘记我们是共产党人，我们是革命者，不要丧失了</span><input class="blank" type="text" maxlength="51" value=""><span>精神。</span><div style="padding-top: 14px;"><span style="color: rgb(255, 125, 0);"> 来源：《习近平谈治国理政》第三卷 </span><span style="color: rgb(49, 62, 195);">（外文出版社2020年版）</span></div></div>
【提示信息】
['革命']
2018年1月5日，习近平在新进中央委员会的委员、候补委员和省部级主要领导干部学习贯彻习近平新时代中国特色社会主义思想和党的十九大精神研讨班开班式上指出，不忘初心，牢记使命，就不要忘记我们是共产党人，我们是革命者，不要丧失了<font color="red">革命</font>精神。

====================
2021-06-20 18:00:36
【多选题】
【题干】
<div>2018年6月29日，习近平在主持中共十九届中央政治局第六次集体学习时指出，要持续保持高压态势，坚持（）、（）、（），坚持重遏制、强高压、长震慑，坚持受贿行贿一起查，坚决防止党内形成利益集团，坚决防范各种利益集团“围猎”和绑架领导干部。<div style="padding-top: 14px;"><span style="color: rgb(255, 125, 0);"> 来源：《习近平谈治国理政》第三卷 </span><span style="color: rgb(49, 62, 195);">（外文出版社2020年版）</span></div></div>
【提示信息】
['无禁区', '全覆盖', '零容忍']
2018年6月29日，习近平在主持中共十九届中央政治局第六次集体学习时指出，要持续保持高压态势，坚持<font color="red">无禁区</font>、<font color="red">全覆盖</font>、<font color="red">零容忍</font>，坚持重遏制、强高压、长震慑，坚持受贿行贿一起查，坚决防止党内形成利益集团，坚决防范各种利益集团“围猎”和绑架领导干部。
【多选题选项】
['A. 无禁区', 'B. 全覆盖', 'C. 零容忍']
包含提示的选项 ABC，不包含提示的选项 []

====================
2021-06-20 18:00:46
【多选题】
【题干】
<div>2019年7月9日，习近平在中央和国家机关党的建设工作会议上指出，做到对党忠诚，必须体现到对（）的忠诚上，体现到对（）的忠诚上，体现到对（）的忠诚上。<div style="padding-top: 14px;"><span style="color: rgb(255, 125, 0);"> 来源：《习近平谈治国理政》第三卷 </span><span style="color: rgb(49, 62, 195);">（外文出版社2020年版）</span></div></div>
【提示信息】
['党的信仰', '党组织', '党的理论和路线方针政策']
2019年7月9日，习近平在中央和国家机关党的建设工作会议上指出，带头做到“两个维护”，从根本上讲就是要做到对党忠诚。忠诚必须体现到对<font color="red">党的信仰</font>的忠诚上，体现到对<font color="red">党组织</font>的忠诚上，体现到对<font color="red">党的理论和路线方针政策</font>的忠诚上。
【多选题选项】
['A. 党的信仰', 'B. 党组织', 'C. 党的理论和路线方针政策']
包含提示的选项 ABC，不包含提示的选项 []

====================
2021-06-20 18:00:53
【单选题】
【题干】
<div>1978年12月13日，邓小平在中央工作会议闭幕会上作题为（）的重要讲话。这篇讲话是解放思想、开辟新时期新道路的宣言书，实际上成为随后召开的党的十一届三中全会的主题报告。<div style="padding-top: 14px;"><span style="color: rgb(255, 125, 0);"> 来源：《中国共产党简史》 </span><span style="color: rgb(49, 62, 195);">（人民出版社、中共党史出版社2021年版）</span></div></div>
【提示信息】
['《解放思想，实事求是，团结一致向前看》']
1978年12月13日，邓小平在中央工作会议闭幕会上作题为<font color="red">《解放思想，实事求是，团结一致向前看》</font>的重要讲话。这篇讲话是解放思想、开辟新时期新道路的宣言书，实际上成为随后召开的党的十一届三中全会的主题报告。
【单选题选项】
['A. 《民主和法制两手都不能削弱》', 'B. 《完整地准确地理解毛泽东思想》', 'C. 《解放思想，实事求是，团结一致向前看》', 'D. 《精简机构是一场革命》']
包含提示的选项 C，不包含提示的选项 ABD

====================
2021-06-21 07:23:30
【填空题】
【题干】
<div><span>《党政领导干部选拔任用工作条例》规定，选拔任用党政领导干部，必须把</span><input class="blank" type="text" maxlength="51" value=""><span>放在首位，符合将领导班子建设成为坚持党的基本理论、基本路线、基本方略，全心全意为人民服务，具有推进新时代中国特色社会主义事业发展的能力，结构合理、团结坚强的领导集体的要求。</span></div>
【提示信息】
['政治标准']
《党政领导干部选拔任用工作条例》明确规定，选拔任用党政领导干部，必须把<font color="red">政治标准</font>放在首位，符合将领导班子建设成为坚持党的基本理论、基本路线、基本方略，全心全意为人民服务，具有推进新时代中国特色社会主义事业发展的能力，结构合理、团结坚强的领导集体的要求。

====================
2021-06-21 07:23:41
【填空题】
【题干】
<div><span>1950年10月25日，中国人民志愿军打响出国作战的第一次战役并取得胜利，初步稳定了朝鲜战局。中国人民将10月25日确定为中国人民志愿军</span><input class="blank" type="text" maxlength="51" value=""><span>纪念日。</span></div>
【提示信息】
['抗美援朝']
1950年10月25日，中国人民志愿军打响出国作战的第一次战役并取得胜利，初步稳定了朝鲜战局。中国人民将10月25日确定为中国人民志愿军<font color="red">抗美援朝</font>纪念日。

====================
2021-06-21 07:23:51
【多选题】
【题干】
<div>党支部应当经常开展谈心谈话。（）之间、（）之间、（）之间，每年谈心谈话一般不少于1次。谈心谈话应当坦诚相见、交流思想、交换意见、帮助提高。</div>
【提示信息】
['党支部委员', '党支部委员和党员', '党员和党员']
《中国共产党支部工作条例（试行）》第十九条规定，党支部应当经常开展谈心谈话。<font color="red">党支部委员</font>之间、<font color="red">党支部委员和党员</font>之间、<font color="red">党员和党员</font>之间，每年谈心谈话一般不少于1次。谈心谈话应当坦诚相见、交流思想、交换意见、帮助提高。
【多选题选项】
['A. 党支部委员', 'B. 党支部委员和党员', 'C. 党员和党员']
包含提示的选项 ABC，不包含提示的选项 []

====================
2021-06-21 07:24:00
【填空题】
【题干】
<div><span>2015年2月2日，习近平在省部级主要领导干部学习贯彻党的十八届四中全会精神全面推进依法治国专题研讨班上指出，</span><input class="blank" type="text" maxlength="51" value=""><span>是党的主张和人民意愿的统一体现，党领导人民制定宪法法律，党领导人民实施宪法法律，党自身必须在宪法法律范围内活动，这就是党的领导力量的体现。</span><div style="padding-top: 14px;"><span style="color: rgb(255, 125, 0);"> 来源：《习近平谈治国理政》第二卷 </span><span style="color: rgb(49, 62, 195);">（外文出版社2017年版）</span></div></div>
【提示信息】
['法']
2015年2月2日，习近平在省部级主要领导干部学习贯彻党的十八届四中全会精神全面推进依法治国专题研讨班上指出，<font color="red">法</font>是党的主张和人民意愿的统一体现，党领导人民制定宪法法律，党领导人民实施宪法法律，党自身必须在宪法法律范围内活动，这就是党的领导力量的体现。

====================
2021-06-21 07:24:12
【填空题】
【题干】
<div><span>1923年6月12日至20日，中国共产党在广州举行第三次全国代表大会。出席大会的代表30多人，代表全国420名党员。共产国际代表马林参加大会。</span><input class="blank" type="text" maxlength="51" value=""><span>代表第二届中央执行委员会作报告。</span></div>
【提示信息】
['陈独秀']
1923年6月12日至20日，中国共产党在广州举行第三次全国代表大会。出席大会的代表30多人，代表全国420名党员。共产国际代表马林参加大会。<font color="red">陈独秀</font>代表第二届中央执行委员会作报告。

====================
2021-06-21 18:00:17
【多选题】
【题干】
<div>根据《党委（党组）落实全面从严治党主体责任规定》，党委（党组）应当开展经常性的（）宣传教育，特别是（）和（）教育，注重发挥正反典型的（）作用，在本地区本单位营造全面从严治党良好氛围。</div>
【提示信息】
['全面从严治党', '党章党规', '党性党风党纪', '示范警示']
《党委（党组）落实全面从严治党主体责任规定》第十四条规定，党委（党组）应当开展经常性的<font color="red">全面从严治党</font>宣传教育，特别是<font color="red">党章党规</font>和<font color="red">党性党风党纪</font>教育，注重发挥正反典型的<font color="red">示范警示</font>作用，在本地区本单位营造全面从严治党良好氛围。
【多选题选项】
['A. 全面从严治党', 'B. 党章党规', 'C. 党性党风党纪', 'D. 示范警示']
包含提示的选项 ABCD，不包含提示的选项 []

====================
2021-06-21 18:00:23
【填空题】
【题干】
<div><span>1936年12月发生的</span><input class="blank" type="text" maxlength="51" value=""><span>及其和平解决，对促成以国共两党合作为基础的抗日民族统一战线的建立起到了重要的作用。</span></div>
【提示信息】
['西安事变']
1936年12月发生的<font color="red">西安事变</font>及其和平解决，对促成以国共两党合作为基础的抗日民族统一战线的建立起到了重要的作用。

====================
2021-06-21 18:00:33
【多选题】
【题干】
<div>1940年，中共中央书记处在《对新四军发展方针的指示》中强调，新四军要“（），（），（）”。</div>
【提示信息】
['向南巩固', '向东作战', '向北发展']
1939年，受中共中央委派，周恩来到皖南新四军军部传达党的六届六中全会精神，进一步肃清王明右倾错误在新四军中的影响，共商在大江南北全面开展敌后游击战争的战略对策。1940年，中共中央书记处在《对新四军发展方针的指示》中，根据周恩来概括的三句话，强调新四军要“<font color="red">向南巩固</font>，<font color="red">向东作战</font>，<font color="red">向北发展</font>”。
【多选题选项】
['A. 向南巩固', 'B. 向东作战', 'C. 向北发展']
包含提示的选项 ABC，不包含提示的选项 []

====================
2021-06-21 18:00:42
【填空题】
【题干】
<div><span>2019年9月20日，习近平在中央政协工作会议暨庆祝中国人民政治协商会议成立七十周年大会上指出，</span><input class="blank" type="text" maxlength="51" value=""><span>是实现党的领导的重要方式，是我国社会主义民主政治的特有形式和独特优势。</span><div style="padding-top: 14px;"><span style="color: rgb(255, 125, 0);"> 来源：《论中国共产党历史》 </span><span style="color: rgb(49, 62, 195);">（中央文献出版社2021年版）</span></div></div>
【提示信息】
['协商民主']
2019年9月20日，习近平在中央政协工作会议暨庆祝中国人民政治协商会议成立七十周年大会上指出，<font color="red">协商民主</font>是实现党的领导的重要方式，是我国社会主义民主政治的特有形式和独特优势。

====================
2021-06-21 18:00:51
【填空题】
【题干】
<div><span>1940年，陈嘉庚率领南洋华侨回国慰劳团一行来到延安。毛泽东、朱德等领导人与陈嘉庚坦诚会谈，使陈嘉庚得出了“中国的希望在</span><input class="blank" type="text" maxlength="51" value=""><span>”的结论。</span></div>
【提示信息】
['延安']
1940年，陈嘉庚率领南洋华侨回国慰劳团一行来到延安。毛泽东、朱德等领导人与陈嘉庚坦诚会谈，使陈嘉庚得出了“中国的希望在<font color="red">延安</font>”的结论。

====================
2021-06-22 07:19:36
【多选题】
【题干】
<div>2018年11月1日，习近平在民营企业座谈会上指出，保持定力，增强信心，集中精力办好自己的事情，是我们应对各种风险挑战的关键。当前，我国经济运行（）、（），主要指标保持在合理区间。同时，我国经济发展的不确定性明显上升，下行压力有所加大，企业经营困难增多。这些都是前进中必然遇到的问题。<div style="padding-top: 14px;"><span style="color: rgb(255, 125, 0);"> 来源：《习近平谈治国理政》第三卷 </span><span style="color: rgb(49, 62, 195);">（外文出版社2020年版）</span></div></div>
【提示信息】
['总体平稳', '稳中有进']
2018年11月1日，习近平在民营企业座谈会上指出，保持定力，增强信心，集中精力办好自己的事情，是我们应对各种风险挑战的关键。当前，我国经济运行<font color="red">总体平稳</font>、<font color="red">稳中有进</font>，主要指标保持在合理区间。同时，我国经济发展的不确定性明显上升，下行压力有所加大，企业经营困难增多。这些都是前进中必然遇到的问题。
【多选题选项】
['A. 总体平稳', 'B. 稳中有进']
包含提示的选项 AB，不包含提示的选项 []

====================
2021-06-22 07:19:43
【多选题】
【题干】
<div>延安时期，毛泽东为中国人民抗日军事政治大学制定了“（）、（）、（）、（）”的校训。</div>
【提示信息】
['团结', '紧张', '严肃', '活泼']
延安时期，毛泽东为中国人民抗日军事政治大学制定了“<font color="red">团结</font>、<font color="red">紧张</font>、<font color="red">严肃</font>、<font color="red">活泼</font>”的校训。
【多选题选项】
['A. 团结', 'B. 紧张', 'C. 严肃', 'D. 活泼']
包含提示的选项 ABCD，不包含提示的选项 []

====================
2021-06-22 07:19:53
【填空题】
【题干】
<div><span>电影《钱学森》中，1980年我国向太平洋预定海域发射的第一枚运载火箭获得了圆满成功。这枚运载火箭在高空中顺利完成了火箭级间的分离、发动机关机和火箭头体分离等一系列程序，精确地沿着预定轨道飞完全程，最后在预定区域准确入海。这枚运载火箭成功发射的具体日期是1980年</span><input class="blank" type="text" maxlength="51" value=""><span>月</span><input class="blank" type="text" maxlength="51" value=""><span>日。</span></div>
【提示信息】
['为人民服务']
为人民服务

====================
2021-06-22 07:19:59
【填空题】
【题干】
<div><span>电影《钱学森》中，1980年我国向太平洋预定海域发射的第一枚运载火箭获得了圆满成功。这枚运载火箭在高空中顺利完成了火箭级间的分离、发动机关机和火箭头体分离等一系列程序，精确地沿着预定轨道飞完全程，最后在预定区域准确入海。这枚运载火箭成功发射的具体日期是1980年</span><input class="blank" type="text" maxlength="51" value="为人民服务" style="width: 95px;"><span>月</span><input class="blank" type="text" maxlength="51" value=""><span>日。</span></div>
【提示信息】
['为人民服务']
为人民服务

====================
2021-06-22 07:20:07
【填空题】
【题干】
<div><span>电影《钱学森》中，1980年我国向太平洋预定海域发射的第一枚运载火箭获得了圆满成功。这枚运载火箭在高空中顺利完成了火箭级间的分离、发动机关机和火箭头体分离等一系列程序，精确地沿着预定轨道飞完全程，最后在预定区域准确入海。这枚运载火箭成功发射的具体日期是1980年</span><input class="blank" type="text" maxlength="51" value="为人民服务为人民服务" style="width: 175px;"><span>月</span><input class="blank" type="text" maxlength="51" value=""><span>日。</span></div>
【提示信息】
['为人民服务']
为人民服务

====================
2021-06-22 07:20:17
【填空题】
【题干】
<div><span>电影《钱学森》中，1980年我国向太平洋预定海域发射的第一枚运载火箭获得了圆满成功。这枚运载火箭在高空中顺利完成了火箭级间的分离、发动机关机和火箭头体分离等一系列程序，精确地沿着预定轨道飞完全程，最后在预定区域准确入海。这枚运载火箭成功发射的具体日期是1980年</span><input class="blank" type="text" maxlength="51" value="为人民服务为人民服务为人民服务" style="width: 255px;"><span>月</span><input class="blank" type="text" maxlength="51" value=""><span>日。</span></div>
【提示信息】
['为人民服务']
为人民服务

====================
2021-06-22 07:20:26
【填空题】
【题干】
<div><span>电影《钱学森》中，1980年我国向太平洋预定海域发射的第一枚运载火箭获得了圆满成功。这枚运载火箭在高空中顺利完成了火箭级间的分离、发动机关机和火箭头体分离等一系列程序，精确地沿着预定轨道飞完全程，最后在预定区域准确入海。这枚运载火箭成功发射的具体日期是1980年</span><input class="blank" type="text" maxlength="51" value="为人民服务为人民服务为人民服务为人民服务" style="width: 335px;"><span>月</span><input class="blank" type="text" maxlength="51" value=""><span>日。</span></div>
【提示信息】
['为人民服务']
为人民服务

====================
2021-06-22 07:20:33
【填空题】
【题干】
<div><span>电影《钱学森》中，1980年我国向太平洋预定海域发射的第一枚运载火箭获得了圆满成功。这枚运载火箭在高空中顺利完成了火箭级间的分离、发动机关机和火箭头体分离等一系列程序，精确地沿着预定轨道飞完全程，最后在预定区域准确入海。这枚运载火箭成功发射的具体日期是1980年</span><input class="blank" type="text" maxlength="51" value="为人民服务为人民服务为人民服务为人民服务为人民服务" style="width: 415px;"><span>月</span><input class="blank" type="text" maxlength="51" value=""><span>日。</span></div>
【提示信息】
['为人民服务']
为人民服务

====================
2021-06-22 07:20:40
【填空题】
【题干】
<div><span>电影《钱学森》中，1980年我国向太平洋预定海域发射的第一枚运载火箭获得了圆满成功。这枚运载火箭在高空中顺利完成了火箭级间的分离、发动机关机和火箭头体分离等一系列程序，精确地沿着预定轨道飞完全程，最后在预定区域准确入海。这枚运载火箭成功发射的具体日期是1980年</span><input class="blank" type="text" maxlength="51" value="为人民服务为人民服务为人民服务为人民服务为人民服务为人民服务" style="width: 495px;"><span>月</span><input class="blank" type="text" maxlength="51" value=""><span>日。</span></div>
【提示信息】
['为人民服务']
为人民服务

====================
2021-06-22 07:20:47
【填空题】
【题干】
<div><span>电影《钱学森》中，1980年我国向太平洋预定海域发射的第一枚运载火箭获得了圆满成功。这枚运载火箭在高空中顺利完成了火箭级间的分离、发动机关机和火箭头体分离等一系列程序，精确地沿着预定轨道飞完全程，最后在预定区域准确入海。这枚运载火箭成功发射的具体日期是1980年</span><input class="blank" type="text" maxlength="51" value="为人民服务为人民服务为人民服务为人民服务为人民服务为人民服务为人民服务" style="width: 575px;"><span>月</span><input class="blank" type="text" maxlength="51" value=""><span>日。</span></div>
【提示信息】
['为人民服务']
为人民服务

====================
2021-06-22 07:20:55
【填空题】
【题干】
<div><span>电影《钱学森》中，1980年我国向太平洋预定海域发射的第一枚运载火箭获得了圆满成功。这枚运载火箭在高空中顺利完成了火箭级间的分离、发动机关机和火箭头体分离等一系列程序，精确地沿着预定轨道飞完全程，最后在预定区域准确入海。这枚运载火箭成功发射的具体日期是1980年</span><input class="blank" type="text" maxlength="51" value="为人民服务为人民服务为人民服务为人民服务为人民服务为人民服务为人民服务为人民服务" style="width: 655px;"><span>月</span><input class="blank" type="text" maxlength="51" value=""><span>日。</span></div>
【提示信息】
['为人民服务']
为人民服务

====================
2021-06-22 07:21:04
【填空题】
【题干】
<div><span>电影《钱学森》中，1980年我国向太平洋预定海域发射的第一枚运载火箭获得了圆满成功。这枚运载火箭在高空中顺利完成了火箭级间的分离、发动机关机和火箭头体分离等一系列程序，精确地沿着预定轨道飞完全程，最后在预定区域准确入海。这枚运载火箭成功发射的具体日期是1980年</span><input class="blank" type="text" maxlength="51" value="为人民服务为人民服务为人民服务为人民服务为人民服务为人民服务为人民服务为人民服务为人民服务" style="width: 735px;"><span>月</span><input class="blank" type="text" maxlength="51" value=""><span>日。</span></div>
【提示信息】
['为人民服务']
为人民服务

====================
2021-06-22 07:21:11
【填空题】
【题干】
<div><span>电影《钱学森》中，1980年我国向太平洋预定海域发射的第一枚运载火箭获得了圆满成功。这枚运载火箭在高空中顺利完成了火箭级间的分离、发动机关机和火箭头体分离等一系列程序，精确地沿着预定轨道飞完全程，最后在预定区域准确入海。这枚运载火箭成功发射的具体日期是1980年</span><input class="blank" type="text" maxlength="51" value="为人民服务为人民服务为人民服务为人民服务为人民服务为人民服务为人民服务为人民服务为人民服务为人民服务" style="width: 815px;"><span>月</span><input class="blank" type="text" maxlength="51" value=""><span>日。</span></div>
【提示信息】
['为人民服务']
为人民服务

====================
2021-06-22 07:21:19
【填空题】
【题干】
<div><span>电影《钱学森》中，1980年我国向太平洋预定海域发射的第一枚运载火箭获得了圆满成功。这枚运载火箭在高空中顺利完成了火箭级间的分离、发动机关机和火箭头体分离等一系列程序，精确地沿着预定轨道飞完全程，最后在预定区域准确入海。这枚运载火箭成功发射的具体日期是1980年</span><input class="blank" type="text" maxlength="51" value="为人民服务为人民服务为人民服务为人民服务为人民服务为人民服务为人民服务为人民服务为人民服务为人民服务" style="width: 831px;"><span>月</span><input class="blank" type="text" maxlength="51" value=""><span>日。</span></div>
【提示信息】
['为人民服务']
为人民服务

====================
2021-06-22 07:21:28
【填空题】
【题干】
<div><span>电影《钱学森》中，1980年我国向太平洋预定海域发射的第一枚运载火箭获得了圆满成功。这枚运载火箭在高空中顺利完成了火箭级间的分离、发动机关机和火箭头体分离等一系列程序，精确地沿着预定轨道飞完全程，最后在预定区域准确入海。这枚运载火箭成功发射的具体日期是1980年</span><input class="blank" type="text" maxlength="51" value="为人民服务为人民服务为人民服务为人民服务为人民服务为人民服务为人民服务为人民服务为人民服务为人民服务" style="width: 831px;"><span>月</span><input class="blank" type="text" maxlength="51" value=""><span>日。</span></div>
【提示信息】
['为人民服务']
为人民服务

====================
2021-06-22 07:21:35
【填空题】
【题干】
<div><span>电影《钱学森》中，1980年我国向太平洋预定海域发射的第一枚运载火箭获得了圆满成功。这枚运载火箭在高空中顺利完成了火箭级间的分离、发动机关机和火箭头体分离等一系列程序，精确地沿着预定轨道飞完全程，最后在预定区域准确入海。这枚运载火箭成功发射的具体日期是1980年</span><input class="blank" type="text" maxlength="51" value="为人民服务为人民服务为人民服务为人民服务为人民服务为人民服务为人民服务为人民服务为人民服务为人民服务" style="width: 831px;"><span>月</span><input class="blank" type="text" maxlength="51" value=""><span>日。</span></div>
【提示信息】
['为人民服务']
为人民服务

====================
2021-06-22 07:21:44
【填空题】
【题干】
<div><span>电影《钱学森》中，1980年我国向太平洋预定海域发射的第一枚运载火箭获得了圆满成功。这枚运载火箭在高空中顺利完成了火箭级间的分离、发动机关机和火箭头体分离等一系列程序，精确地沿着预定轨道飞完全程，最后在预定区域准确入海。这枚运载火箭成功发射的具体日期是1980年</span><input class="blank" type="text" maxlength="51" value="为人民服务为人民服务为人民服务为人民服务为人民服务为人民服务为人民服务为人民服务为人民服务为人民服务" style="width: 831px;"><span>月</span><input class="blank" type="text" maxlength="51" value=""><span>日。</span></div>
【提示信息】
['为人民服务']
为人民服务

====================
2021-06-22 07:21:50
【填空题】
【题干】
<div><span>电影《钱学森》中，1980年我国向太平洋预定海域发射的第一枚运载火箭获得了圆满成功。这枚运载火箭在高空中顺利完成了火箭级间的分离、发动机关机和火箭头体分离等一系列程序，精确地沿着预定轨道飞完全程，最后在预定区域准确入海。这枚运载火箭成功发射的具体日期是1980年</span><input class="blank" type="text" maxlength="51" value="为人民服务为人民服务为人民服务为人民服务为人民服务为人民服务为人民服务为人民服务为人民服务为人民服务" style="width: 831px;"><span>月</span><input class="blank" type="text" maxlength="51" value=""><span>日。</span></div>
【提示信息】
['为人民服务']
为人民服务

====================
2021-06-22 07:21:58
【填空题】
【题干】
<div><span>电影《钱学森》中，1980年我国向太平洋预定海域发射的第一枚运载火箭获得了圆满成功。这枚运载火箭在高空中顺利完成了火箭级间的分离、发动机关机和火箭头体分离等一系列程序，精确地沿着预定轨道飞完全程，最后在预定区域准确入海。这枚运载火箭成功发射的具体日期是1980年</span><input class="blank" type="text" maxlength="51" value="为人民服务为人民服务为人民服务为人民服务为人民服务为人民服务为人民服务为人民服务为人民服务为人民服务" style="width: 831px;"><span>月</span><input class="blank" type="text" maxlength="51" value=""><span>日。</span></div>
【提示信息】
['为人民服务']
为人民服务

====================
2021-06-22 07:22:04
【填空题】
【题干】
<div><span>电影《钱学森》中，1980年我国向太平洋预定海域发射的第一枚运载火箭获得了圆满成功。这枚运载火箭在高空中顺利完成了火箭级间的分离、发动机关机和火箭头体分离等一系列程序，精确地沿着预定轨道飞完全程，最后在预定区域准确入海。这枚运载火箭成功发射的具体日期是1980年</span><input class="blank" type="text" maxlength="51" value="为人民服务为人民服务为人民服务为人民服务为人民服务为人民服务为人民服务为人民服务为人民服务为人民服务" style="width: 831px;"><span>月</span><input class="blank" type="text" maxlength="51" value=""><span>日。</span></div>
【提示信息】
['为人民服务']
为人民服务

====================
2021-06-22 07:22:13
【填空题】
【题干】
<div><span>电影《钱学森》中，1980年我国向太平洋预定海域发射的第一枚运载火箭获得了圆满成功。这枚运载火箭在高空中顺利完成了火箭级间的分离、发动机关机和火箭头体分离等一系列程序，精确地沿着预定轨道飞完全程，最后在预定区域准确入海。这枚运载火箭成功发射的具体日期是1980年</span><input class="blank" type="text" maxlength="51" value="为人民服务为人民服务为人民服务为人民服务为人民服务为人民服务为人民服务为人民服务为人民服务为人民服务" style="width: 831px;"><span>月</span><input class="blank" type="text" maxlength="51" value=""><span>日。</span></div>
【提示信息】
['为人民服务']
为人民服务

====================
2021-06-22 07:22:19
【填空题】
【题干】
<div><span>电影《钱学森》中，1980年我国向太平洋预定海域发射的第一枚运载火箭获得了圆满成功。这枚运载火箭在高空中顺利完成了火箭级间的分离、发动机关机和火箭头体分离等一系列程序，精确地沿着预定轨道飞完全程，最后在预定区域准确入海。这枚运载火箭成功发射的具体日期是1980年</span><input class="blank" type="text" maxlength="51" value="为人民服务为人民服务为人民服务为人民服务为人民服务为人民服务为人民服务为人民服务为人民服务为人民服务" style="width: 831px;"><span>月</span><input class="blank" type="text" maxlength="51" value=""><span>日。</span></div>
【提示信息】
['为人民服务']
为人民服务

====================
2021-06-22 07:22:26
【填空题】
【题干】
<div><span>电影《钱学森》中，1980年我国向太平洋预定海域发射的第一枚运载火箭获得了圆满成功。这枚运载火箭在高空中顺利完成了火箭级间的分离、发动机关机和火箭头体分离等一系列程序，精确地沿着预定轨道飞完全程，最后在预定区域准确入海。这枚运载火箭成功发射的具体日期是1980年</span><input class="blank" type="text" maxlength="51" value="为人民服务为人民服务为人民服务为人民服务为人民服务为人民服务为人民服务为人民服务为人民服务为人民服务" style="width: 831px;"><span>月</span><input class="blank" type="text" maxlength="51" value=""><span>日。</span></div>
【提示信息】
['为人民服务']
为人民服务

====================
2021-06-22 07:22:36
【填空题】
【题干】
<div><span>电影《钱学森》中，1980年我国向太平洋预定海域发射的第一枚运载火箭获得了圆满成功。这枚运载火箭在高空中顺利完成了火箭级间的分离、发动机关机和火箭头体分离等一系列程序，精确地沿着预定轨道飞完全程，最后在预定区域准确入海。这枚运载火箭成功发射的具体日期是1980年</span><input class="blank" type="text" maxlength="51" value="为人民服务为人民服务为人民服务为人民服务为人民服务为人民服务为人民服务为人民服务为人民服务为人民服务" style="width: 831px;"><span>月</span><input class="blank" type="text" maxlength="51" value=""><span>日。</span></div>
【提示信息】
['为人民服务']
为人民服务

====================
2021-06-22 07:22:43
【填空题】
【题干】
<div><span>电影《钱学森》中，1980年我国向太平洋预定海域发射的第一枚运载火箭获得了圆满成功。这枚运载火箭在高空中顺利完成了火箭级间的分离、发动机关机和火箭头体分离等一系列程序，精确地沿着预定轨道飞完全程，最后在预定区域准确入海。这枚运载火箭成功发射的具体日期是1980年</span><input class="blank" type="text" maxlength="51" value="为人民服务为人民服务为人民服务为人民服务为人民服务为人民服务为人民服务为人民服务为人民服务为人民服务" style="width: 831px;"><span>月</span><input class="blank" type="text" maxlength="51" value=""><span>日。</span></div>
【提示信息】
['为人民服务']
为人民服务

====================
2021-06-22 07:23:29
【填空题】
【题干】
<div><span>各级党委（党组）应当把党支部建设作为最重要的基本建设，定期研究讨论、加强领导指导，切实履行</span><input class="blank" type="text" maxlength="51" value=""><span>。县级党委每年至少专题研究1次党支部建设工作。</span></div>
【提示信息】
['主体责任']
《中国共产党支部工作条例（试行）》第二十九条规定，各级党委（党组）应当把党支部建设作为最重要的基本建设，定期研究讨论、加强领导指导，切实履行<font color="red">主体责任</font>。县级党委每年至少专题研究1次党支部建设工作。

====================
2021-06-22 07:23:40
【填空题】
【题干】
<div><span>2019年1月发布的《中共中央关于加强党的政治建设的意见》指出，加强党的政治建设，要把</span><input class="blank" type="text" maxlength="51" value=""><span>贯穿全过程各方面，建立健全长效机制，形成系统完备、有效管用的政治规范体系，真正实现党的政治建设有章可循、有据可依。</span></div>
【提示信息】
['建章立制']
2019年1月发布的《中共中央关于加强党的政治建设的意见》指出，加强党的政治建设，要把<font color="red">建章立制</font>贯穿全过程各方面，建立健全长效机制，形成系统完备、有效管用的政治规范体系，真正实现党的政治建设有章可循、有据可依。

====================
2021-06-22 07:23:51
【单选题】
【题干】
<div>1950年10月19日，中国人民志愿军在司令员兼政治委员（）同志率领下，跨过鸭绿江，开赴朝鲜战场。10月25日，志愿军打响了入朝后的第一仗，拉开了抗美援朝战争的序幕。</div>
【提示信息】
['彭德怀']
1950年10月8日，朝鲜政府请求中国出兵援助。中国应朝鲜政府的请求，作出“抗美援朝、保家卫国”的决策，迅速组成中国人民志愿军入朝参战。1950年10月19日，中国人民志愿军在司令员兼政治委员<font color="red">彭德怀</font>同志的率领下，跨过鸭绿江，开赴朝鲜战场。10月25日，志愿军打响了入朝后的第一仗，拉开了抗美援朝战争的序幕。
【单选题选项】
['A. 洪学智', 'B. 彭德怀']
包含提示的选项 B，不包含提示的选项 A

====================
2021-06-22 07:24:00
【多选题】
【题干】
<div>根据《中国共产党基层组织选举工作条例》，党的基层组织设立的委员会任期届满应当按期进行换届选举。如需延期或者提前进行换届选举，应当报（）批准。延长或者提前期限一般不超过（）年。</div>
【提示信息】
['上级党组织', '1']
《中国共产党基层组织选举工作条例》第三条规定，党的基层组织设立的委员会任期届满应当按期进行换届选举。如需延期或者提前进行换届选举，应当报<font color="red">上级党组织</font>批准。延长或者提前期限一般不超过<font color="red">1</font>年。
【多选题选项】
['A. 上级党组织', 'B. 1']
包含提示的选项 AB，不包含提示的选项 []

====================
2021-06-22 07:24:09
【单选题】
【题干】
<div>根据《中国共产党地方委员会工作条例》，党的地方委员会由同级党代表大会选举产生，由委员、候补委员组成，每届任期（）年。</div>
【提示信息】
['5']
《中国共产党地方委员会工作条例》第六条规定，党的地方委员会由同级党代表大会选举产生，由委员、候补委员组成，每届任期<font color="red">5</font>年。
【单选题选项】
['A. 3', 'B. 5', 'C. 10']
包含提示的选项 B，不包含提示的选项 AC

====================
2021-06-23 08:35:07
【填空题】
【题干】
<div><span>1949年9月29日，中国人民政治协商会议一致通过了《中国人民政治协商会议共同纲领》，作为中国人民革命建国的</span><input class="blank" type="text" maxlength="51" value=""><span>。</span></div>
【提示信息】
['基本纲领']
1949年9月29日，中国人民政治协商会议一致通过了《中国人民政治协商会议共同纲领》，作为中国人民革命建国的<font color="red">基本纲领</font>。

====================
2021-06-23 08:35:19
【多选题】
【题干】
<div>根据《党委（党组）落实全面从严治党主体责任规定》，地方党委应当将党的建设与经济社会发展同谋划、同部署、同推进、同考核，加强对本地区全面从严治党各项工作的领导。把党的政治建设摆在首位，（），（），（），（），始终在政治立场、政治方向、政治原则、政治道路上同党中央保持高度一致。</div>
【提示信息】
['坚定政治信仰', '强化政治领导', '提高政治能力', '净化政治生态']
《党委（党组）落实全面从严治党主体责任规定》第六条规定，地方党委应当将党的建设与经济社会发展同谋划、同部署、同推进、同考核，加强对本地区全面从严治党各项工作的领导。把党的政治建设摆在首位，<font color="red">坚定政治信仰</font>，<font color="red">强化政治领导</font>，<font color="red">提高政治能力</font>，<font color="red">净化政治生态</font>，始终在政治立场、政治方向、政治原则、政治道路上同党中央保持高度一致。
【多选题选项】
['A. 坚定政治信仰', 'B. 强化政治领导', 'C. 提高政治能力', 'D. 净化政治生态']
包含提示的选项 ABCD，不包含提示的选项 []

====================
2021-06-23 08:35:26
【填空题】
【题干】
<div><span>党的工作机关必须坚持</span><input class="blank" type="text" maxlength="51" value=""><span>制，领导班子实行集体领导和个人分工负责相结合的制度。</span></div>
【提示信息】
['民主集中']
《中国共产党工作机关条例（试行）》第十七条规定，党的工作机关必须坚持<font color="red">民主集中</font>制，领导班子实行集体领导和个人分工负责相结合的制度。

====================
2021-06-23 08:35:37
【填空题】
【题干】
<div><span>电影《我和我的祖国——回归》中，当1997年7月1日五星红旗于零点在香港准时升起，寂静的夜空顿时被庆祝的礼花照亮，值守在街头巷尾的香港警察也在这时集体更换了</span><input class="blank" type="text" maxlength="51" value=""><span>，这是香港与祖国分离150多年后，最激动人心的历史时刻。</span></div>
【提示信息】
['为人民服务']
为人民服务

====================
2021-06-23 08:35:46
【填空题】
【题干】
<div><span>电影《大火种》中，中共地下党员刘雨心在深夜接到任务，她将以教师身份作为掩护前往广饶县刘集村开展群众工作，并将一本意义非凡的书带到刘集村。这本书的名字是《共产党</span><input class="blank" type="text" maxlength="51" value=""><span>》。</span></div>
【提示信息】
['为人民服务']
为人民服务
！！！！！没拿到满分！！！！！

====================
2021-06-23 10:53:05
【单选题】
【题干】
<div>1927年八七会议后，毛泽东在湘赣边界领导的起义是（）。<div style="padding-top: 14px;"><span style="color: rgb(255, 125, 0);"> 来源：《中国共产党简史》 </span><span style="color: rgb(49, 62, 195);">（人民出版社、中共党史出版社2021年版）</span></div></div>
【提示信息】
['秋收起义']
1927年，以毛泽东为书记的中共湖南省委前敌委员会，将参加起义的各路武装5000余人统编为工农革命军第一师，于9月9日发动湘赣边界<font color="red">秋收起义</font>。
【单选题选项】
['A. 南昌起义', 'B. 秋收起义', 'C. 广州起义', 'D. 百色起义']
包含提示的选项 B，不包含提示的选项 ACD

====================
2021-06-23 10:53:14
【单选题】
【题干】
<div>2013年11月12日，习近平在党的十八届三中全会第二次全体会议上指出，坚持社会主义市场经济改革方向，核心问题是处理好政府和市场的关系，使（）在资源配置中起决定性作用和更好发挥政府作用。<div style="padding-top: 14px;"><span style="color: rgb(255, 125, 0);"> 来源：《习近平谈治国理政》第一卷 </span><span style="color: rgb(49, 62, 195);">（外文出版社2018年版）</span></div></div>
【提示信息】
['市场']
2013年11月12日，习近平在党的十八届三中全会第二次全体会议上指出，坚持社会主义市场经济改革方向，核心问题是处理好政府和市场的关系，使<font color="red">市场</font>在资源配置中起决定性作用和更好发挥政府作用。
【单选题选项】
['A. 计划', 'B. 技术', 'C. 市场', 'D. 信息']
包含提示的选项 C，不包含提示的选项 ABD

====================
2021-06-23 10:53:23
【多选题】
【题干】
<div>2018年12月18日，习近平在庆祝改革开放40周年大会上指出，我们必须毫不动摇巩固和发展（），毫不动摇鼓励、支持、引导（）发展，充分发挥市场在资源配置中的决定性作用。<div style="padding-top: 14px;"><span style="color: rgb(255, 125, 0);"> 来源：《习近平谈治国理政》第三卷 </span><span style="color: rgb(49, 62, 195);">（外文出版社2020年版）</span></div></div>
【提示信息】
['公有制经济', '非公有制经济']
2018年12月18日，习近平在庆祝改革开放40周年大会上指出，我们必须毫不动摇巩固和发展<font color="red">公有制经济</font>，毫不动摇鼓励、支持、引导<font color="red">非公有制经济</font>发展，充分发挥市场在资源配置中的决定性作用。
【多选题选项】
['A. 公有制经济', 'B. 非公有制经济']
包含提示的选项 AB，不包含提示的选项 []

====================
2021-06-23 10:53:31
【填空题】
【题干】
<div><span>1927年9月9日，以</span><input class="blank" type="text" maxlength="51" value=""><span>为书记的中共前敌委员会，领导发动了著名的秋收起义。</span></div>
【提示信息】
['毛泽东']
1927年8月18日和30日，改组后的湖南省委先后召开会议，决定成立以<font color="red">毛泽东</font>为书记的中共前敌委员会，作为秋收起义的领导机构。同年9月9日，秋收起义从破坏粤汉铁路北段开始发动。

====================
2021-06-23 10:53:43
【多选题】
【题干】
<div>1930年5月，毛泽东同志通过寻乌调查写下的著作《反对本本主义》，这篇文章初步形成了毛泽东思想活的灵魂的三个基本点，即（）、（）、（）的思想。</div>
【提示信息】
['实事求是', '群众路线', '独立自主']
《反对本本主义》这篇文章初步形成了毛泽东思想活的灵魂的三个基本点，即<font color="red">实事求是</font>、<font color="red">群众路线</font>、<font color="red">独立自主</font>的思想。
【多选题选项】
['A. 实事求是', 'B. 群众路线', 'C. 独立自主']
包含提示的选项 ABC，不包含提示的选项 []

====================
2021-06-23 10:56:21
【填空题】
【题干】
<div><span>1930年5月，毛泽东同朱德在寻乌马蹄冈召开了红四军第一、二、四纵队大队以上干部会议，总结贯彻古田会议决议的经验，提出革命军队</span><input class="blank" type="text" maxlength="51" value=""><span>的七条原则。</span></div>
【提示信息】
['管理教育']
1930年5月，毛泽东同朱德在寻乌马蹄冈召开了红四军第一、二、四纵队大队以上干部会议，总结贯彻古田会议决议的经验，提出革命军队<font color="red">管理教育</font>的七条原则：（1)干部要处处以身作则，做战士的表率；（2）干部要深入群众，要群众化；（3）干部要时刻关心战士，体贴战士；（4）干部要学会发动战士自己教育自己、管理自己；（5）说服教育重于惩罚;（6）宣传鼓动重于指派命令；（7）七是赏罚要分明。

====================
2021-06-23 10:56:32
【填空题】
【题干】
<div><span>1937年8月22日至25日，中共中央召开</span><input class="blank" type="text" maxlength="51" value=""><span>会议，会议通过了《中国共产党抗日救国十大纲领》。</span></div>

====================
2021-06-23 11:04:16
【单选题】
【题干】
<div>2018年3月8日，习近平在参加十三届全国人大一次会议山东代表团审议时指出，海洋是高质量发展战略要地。要加快建设世界一流的海洋港口、完善的（）、绿色可持续的海洋生态环境，为海洋强国建设作出贡献。<div style="padding-top: 14px;"><span style="color: rgb(255, 125, 0);"> 来源：《习近平谈治国理政》第三卷 </span><span style="color: rgb(49, 62, 195);">（外文出版社2020年版）</span></div></div>
【提示信息】
['现代海洋产业体系']
2018年3月8日，习近平在参加十三届全国人大一次会议山东代表团审议时指出，海洋是高质量发展战略要地。要加快建设世界一流的海洋港口、完善的<font color="red">现代海洋产业体系</font>、绿色可持续的海洋生态环境，为海洋强国建设作出贡献。
【单选题选项】
['A. 现代海洋工业体系', 'B. 现代海洋产品体系', 'C. 现代海洋产业体系']
包含提示的选项 C，不包含提示的选项 AB

====================
2021-06-23 11:04:26
【多选题】
【题干】
<div>《党政领导干部选拔任用工作条例》规定，党政领导干部可以从党政机关选拔任用，也可以从党政机关以外选拔任用，注意从（）、（）、（）等单位以及社会组织中发现选拔。</div>
【提示信息】
['企业', '高等学校', '科研院所']
《党政领导干部选拔任用工作条例》第十条规定，拓宽选人视野和渠道，党政领导干部可以从党政机关选拔任用，也可以从党政机关以外选拔任用，注意从<font color="red">企业</font>、<font color="red">高等学校</font>、<font color="red">科研院所</font>等单位以及社会组织中发现选拔。地方党政领导班子成员应当注意从担任过县（市、区、旗）、乡（镇、街道）党政领导职务的干部和国有企事业单位领导人员中选拔。
【多选题选项】
['A. 企业', 'B. 高等学校', 'C. 科研院所']
包含提示的选项 ABC，不包含提示的选项 []

====================
2021-06-23 11:04:34
【多选题】
【题干】
<div>2021年2月20日，习近平在党史学习教育动员大会上强调，全党同志要做到（），（），以昂扬姿态奋力开启全面建设社会主义现代化国家新征程，以优异成绩迎接（）。<div style="padding-top: 14px;"><span style="color: rgb(255, 125, 0);"> 来源：习近平2021年2月20日在党史学习教育动员大会上的讲话 </span></div></div>
【提示信息】
['学史明理、学史增信、学史崇德、学史力行', '学党史、悟思想、办实事、开新局', '建党一百周年']
2021年2月20日，习近平在党史学习教育动员大会上强调，全党同志要做到<font color="red">学史明理、学史增信、学史崇德、学史力行</font>，<font color="red">学党史、悟思想、办实事、开新局</font>，以昂扬姿态奋力开启全面建设社会主义现代化国家新征程，以优异成绩迎接<font color="red">建党一百周年</font>。
【多选题选项】
['A. 学史明理、学史增信、学史崇德、学史力行', 'B. 学党史、悟思想、办实事、开新局', 'C. 建党一百周年']
包含提示的选项 ABC，不包含提示的选项 []

====================
2021-06-23 11:04:42
【填空题】
【题干】
<div><span>2015年2月13日，习近平在陕甘宁革命老区脱贫致富座谈会上指出，革命老区是党和人民军队的</span><input class="blank" type="text" maxlength="51" value=""><span>，我们不能忘记我们是从哪里走来的，永远都要从革命历史中汲取智慧和力量。</span><div style="padding-top: 14px;"><span style="color: rgb(255, 125, 0);"> 来源：《论中国共产党历史》 </span><span style="color: rgb(49, 62, 195);">（中央文献出版社2021年版）</span></div></div>
【提示信息】
['根']
2015年2月13日，习近平在陕甘宁革命老区脱贫致富座谈会上指出，革命老区是党和人民军队的<font color="red">根</font>，我们不能忘记我们是从哪里走来的，永远都要从革命历史中汲取智慧和力量。

====================
2021-06-23 11:04:51
【填空题】
【题干】
<div><span>在抗美援朝战争时期，新中国在朝鲜战场上设立正式机构并从始至终进行报道的唯一新闻单位是</span><input class="blank" type="text" maxlength="51" value=""><span>。</span></div>
【提示信息】
['新华社']
在抗美援朝战争时期，<font color="red">新华社</font>是新中国在朝鲜战场上设立正式机构并从始至终进行报道的唯一新闻单位。
